#
# There is insufficient memory for the Java Runtime Environment to continue.
# Native memory allocation (malloc) failed to allocate 951536 bytes for Chunk::new
# Possible reasons:
#   The system is out of physical RAM or swap space
#   In 32 bit mode, the process size limit was hit
# Possible solutions:
#   Reduce memory load on the system
#   Increase physical memory or swap space
#   Check if swap backing store is full
#   Use 64 bit Java on a 64 bit OS
#   Decrease Java heap size (-Xmx/-Xms)
#   Decrease number of Java threads
#   Decrease Java thread stack sizes (-Xss)
#   Set larger code cache with -XX:ReservedCodeCacheSize=
# This output file may be truncated or incomplete.
#
#  Out of Memory Error (allocation.cpp:390), pid=9648, tid=0x0000000000003070
#
# JRE version: OpenJDK Runtime Environment (8.0_76-b03) (build 1.8.0_76-release-b03)
# Java VM: OpenJDK 64-Bit Server VM (25.76-b03 mixed mode windows-amd64 compressed oops)
# Failed to write core dump. Minidumps are not enabled by default on client versions of Windows
#

---------------  T H R E A D  ---------------

Current thread (0x00000000158c9800):  JavaThread "C2 CompilerThread1" daemon [_thread_in_native, id=12400, stack(0x0000000017030000,0x0000000017130000)]

Stack: [0x0000000017030000,0x0000000017130000]
[error occurred during error reporting (printing stack bounds), id 0xc0000005]

Native frames: (J=compiled Java code, j=interpreted, Vv=VM code, C=native code)


Current CompileTask:
C2:  14481 3770       4       org.gradle.model.internal.type.ModelType::wrap (219 bytes)


---------------  P R O C E S S  ---------------

Java Threads: ( => current thread )
  0x000000001aa45800 JavaThread "pool-2-thread-1" [_thread_blocked, id=6628, stack(0x000000001e040000,0x000000001e140000)]
  0x0000000018967800 JavaThread "File lock request listener" [_thread_in_native, id=5612, stack(0x000000001b740000,0x000000001b840000)]
  0x00000000187e9800 JavaThread "Stdin handler" [_thread_blocked, id=15868, stack(0x000000001a070000,0x000000001a170000)]
  0x00000000187e8800 JavaThread "Asynchronous log dispatcher for org.gradle.launcher.daemon.server.DefaultDaemonConnection@663dd46" [_thread_blocked, id=14548, stack(0x0000000019f70000,0x000000001a070000)]
  0x00000000187e6000 JavaThread "Daemon worker" [_thread_in_vm, id=10892, stack(0x0000000019e70000,0x0000000019f70000)]
  0x00000000178c4000 JavaThread "Cancel handler" [_thread_blocked, id=9748, stack(0x0000000019d70000,0x0000000019e70000)]
  0x0000000018756800 JavaThread "Handler for socket connection from /127.0.0.1:57222 to /127.0.0.1:57223" [_thread_in_native, id=15632, stack(0x0000000019c70000,0x0000000019d70000)]
  0x0000000018754000 JavaThread "Daemon" [_thread_blocked, id=7816, stack(0x0000000019b70000,0x0000000019c70000)]
  0x00000000183fa000 JavaThread "pool-1-thread-1" [_thread_blocked, id=160, stack(0x0000000019a70000,0x0000000019b70000)]
  0x0000000018462800 JavaThread "Incoming local TCP Connector on port 57222" [_thread_in_native, id=15892, stack(0x0000000018030000,0x0000000018130000)]
  0x000000001592c800 JavaThread "Service Thread" daemon [_thread_blocked, id=11820, stack(0x0000000017630000,0x0000000017730000)]
  0x00000000158d0000 JavaThread "C1 CompilerThread2" daemon [_thread_blocked, id=10180, stack(0x0000000017130000,0x0000000017230000)]
=>0x00000000158c9800 JavaThread "C2 CompilerThread1" daemon [_thread_in_native, id=12400, stack(0x0000000017030000,0x0000000017130000)]
  0x00000000158d9800 JavaThread "C2 CompilerThread0" daemon [_thread_in_native, id=10520, stack(0x0000000016f30000,0x0000000017030000)]
  0x00000000158d8000 JavaThread "Attach Listener" daemon [_thread_blocked, id=13724, stack(0x0000000016e30000,0x0000000016f30000)]
  0x00000000158d6800 JavaThread "Signal Dispatcher" daemon [_thread_blocked, id=12016, stack(0x0000000016d30000,0x0000000016e30000)]
  0x00000000158b8800 JavaThread "Finalizer" daemon [_thread_blocked, id=2340, stack(0x0000000016b40000,0x0000000016c40000)]
  0x0000000003121800 JavaThread "Reference Handler" daemon [_thread_blocked, id=6952, stack(0x0000000016a40000,0x0000000016b40000)]
  0x00000000031fe800 JavaThread "main" [_thread_blocked, id=1100, stack(0x0000000002f00000,0x0000000003000000)]

Other Threads:
  0x0000000015894800 VMThread [stack: 0x0000000016940000,0x0000000016a40000] [id=8852]
  0x0000000017259800 WatcherThread [stack: 0x0000000017730000,0x0000000017830000] [id=6868]

VM state:not at safepoint (normal execution)

VM Mutex/Monitor currently owned by a thread: None

Heap:
 PSYoungGen      total 53248K, used 46146K [0x00000000eab00000, 0x00000000ef680000, 0x0000000100000000)
  eden space 43520K, 100% used [0x00000000eab00000,0x00000000ed580000,0x00000000ed580000)
  from space 9728K, 27% used [0x00000000ed580000,0x00000000ed810ba0,0x00000000edf00000)
  to   space 9216K, 0% used [0x00000000eed80000,0x00000000eed80000,0x00000000ef680000)
 ParOldGen       total 51712K, used 14659K [0x00000000c0000000, 0x00000000c3280000, 0x00000000eab00000)
  object space 51712K, 28% used [0x00000000c0000000,0x00000000c0e50e90,0x00000000c3280000)
 Metaspace       used 32973K, capacity 33724K, committed 33920K, reserved 1079296K
  class space    used 4455K, capacity 4652K, committed 4736K, reserved 1048576K

Card table byte_map: [0x00000000125c0000,0x00000000127d0000] byte_map_base: 0x0000000011fc0000

Marking Bits: (ParMarkBitMap*) 0x00000000555f9d00
 Begin Bits: [0x0000000012d30000, 0x0000000013d30000)
 End Bits:   [0x0000000013d30000, 0x0000000014d30000)

Polling page: 0x0000000001790000

CodeCache: size=245760Kb used=13251Kb max_used=13251Kb free=232508Kb
 bounds [0x0000000003200000, 0x0000000003f00000, 0x0000000012200000]
 total_blobs=4290 nmethods=3631 adapters=571
 compilation: enabled

Compilation events (10 events):
Event: 14.425 Thread 0x00000000158d0000 3813       3       java.util.LinkedHashMap::afterNodeRemoval (65 bytes)
Event: 14.426 Thread 0x00000000158d0000 nmethod 3813 0x0000000003ef8610 code [0x0000000003ef8780, 0x0000000003ef8b10]
Event: 14.431 Thread 0x00000000158d0000 3815       3       org.gradle.model.internal.manage.schema.cache.MultiWeakClassSet$1::apply (9 bytes)
Event: 14.432 Thread 0x00000000158d0000 nmethod 3815 0x0000000003ef8c50 code [0x0000000003ef8de0, 0x0000000003ef9268]
Event: 14.432 Thread 0x00000000158d0000 3816       3       org.gradle.model.internal.manage.schema.cache.MultiWeakClassSet$1::apply (9 bytes)
Event: 14.432 Thread 0x00000000158d0000 nmethod 3816 0x0000000003ef9410 code [0x0000000003ef95a0, 0x0000000003ef9930]
Event: 14.433 Thread 0x00000000158d0000 3817       3       java.util.AbstractMap::putAll (52 bytes)
Event: 14.433 Thread 0x00000000158d0000 nmethod 3817 0x0000000003ef9ad0 code [0x0000000003ef9cc0, 0x0000000003efa508]
Event: 14.434 Thread 0x00000000158d0000 3818       3       org.gradle.model.internal.manage.schema.extract.StructSchemaExtractionStrategySupport::extractProperty (47 bytes)
Event: 14.435 Thread 0x00000000158d0000 nmethod 3818 0x0000000003efa790 code [0x0000000003efa9e0, 0x0000000003efb748]

GC Heap History (10 events):
Event: 10.586 GC heap before
{Heap before GC invocations=8 (full 1):
 PSYoungGen      total 23040K, used 22520K [0x00000000eab00000, 0x00000000ee500000, 0x0000000100000000)
  eden space 18944K, 100% used [0x00000000eab00000,0x00000000ebd80000,0x00000000ebd80000)
  from space 4096K, 87% used [0x00000000ec700000,0x00000000eca7e0a0,0x00000000ecb00000)
  to   space 9728K, 0% used [0x00000000ebd80000,0x00000000ebd80000,0x00000000ec700000)
 ParOldGen       total 51712K, used 11034K [0x00000000c0000000, 0x00000000c3280000, 0x00000000eab00000)
  object space 51712K, 21% used [0x00000000c0000000,0x00000000c0ac6a38,0x00000000c3280000)
 Metaspace       used 24043K, capacity 24628K, committed 24704K, reserved 1071104K
  class space    used 3275K, capacity 3450K, committed 3456K, reserved 1048576K
Event: 10.594 GC heap after
Heap after GC invocations=8 (full 1):
 PSYoungGen      total 28672K, used 3430K [0x00000000eab00000, 0x00000000edc80000, 0x0000000100000000)
  eden space 18944K, 0% used [0x00000000eab00000,0x00000000eab00000,0x00000000ebd80000)
  from space 9728K, 35% used [0x00000000ebd80000,0x00000000ec0d9a60,0x00000000ec700000)
  to   space 9728K, 0% used [0x00000000ed300000,0x00000000ed300000,0x00000000edc80000)
 ParOldGen       total 51712K, used 11034K [0x00000000c0000000, 0x00000000c3280000, 0x00000000eab00000)
  object space 51712K, 21% used [0x00000000c0000000,0x00000000c0ac6a38,0x00000000c3280000)
 Metaspace       used 24043K, capacity 24628K, committed 24704K, reserved 1071104K
  class space    used 3275K, capacity 3450K, committed 3456K, reserved 1048576K
}
Event: 10.998 GC heap before
{Heap before GC invocations=9 (full 1):
 PSYoungGen      total 28672K, used 22374K [0x00000000eab00000, 0x00000000edc80000, 0x0000000100000000)
  eden space 18944K, 100% used [0x00000000eab00000,0x00000000ebd80000,0x00000000ebd80000)
  from space 9728K, 35% used [0x00000000ebd80000,0x00000000ec0d9a60,0x00000000ec700000)
  to   space 9728K, 0% used [0x00000000ed300000,0x00000000ed300000,0x00000000edc80000)
 ParOldGen       total 51712K, used 11034K [0x00000000c0000000, 0x00000000c3280000, 0x00000000eab00000)
  object space 51712K, 21% used [0x00000000c0000000,0x00000000c0ac6a38,0x00000000c3280000)
 Metaspace       used 25647K, capacity 26234K, committed 26240K, reserved 1071104K
  class space    used 3532K, capacity 3707K, committed 3712K, reserved 1048576K
Event: 11.003 GC heap after
Heap after GC invocations=9 (full 1):
 PSYoungGen      total 40960K, used 4296K [0x00000000eab00000, 0x00000000edc80000, 0x0000000100000000)
  eden space 31232K, 0% used [0x00000000eab00000,0x00000000eab00000,0x00000000ec980000)
  from space 9728K, 44% used [0x00000000ed300000,0x00000000ed7323b8,0x00000000edc80000)
  to   space 9728K, 0% used [0x00000000ec980000,0x00000000ec980000,0x00000000ed300000)
 ParOldGen       total 51712K, used 11042K [0x00000000c0000000, 0x00000000c3280000, 0x00000000eab00000)
  object space 51712K, 21% used [0x00000000c0000000,0x00000000c0ac8a38,0x00000000c3280000)
 Metaspace       used 25647K, capacity 26234K, committed 26240K, reserved 1071104K
  class space    used 3532K, capacity 3707K, committed 3712K, reserved 1048576K
}
Event: 11.823 GC heap before
{Heap before GC invocations=10 (full 1):
 PSYoungGen      total 40960K, used 35528K [0x00000000eab00000, 0x00000000edc80000, 0x0000000100000000)
  eden space 31232K, 100% used [0x00000000eab00000,0x00000000ec980000,0x00000000ec980000)
  from space 9728K, 44% used [0x00000000ed300000,0x00000000ed7323b8,0x00000000edc80000)
  to   space 9728K, 0% used [0x00000000ec980000,0x00000000ec980000,0x00000000ed300000)
 ParOldGen       total 51712K, used 11042K [0x00000000c0000000, 0x00000000c3280000, 0x00000000eab00000)
  object space 51712K, 21% used [0x00000000c0000000,0x00000000c0ac8a38,0x00000000c3280000)
 Metaspace       used 27887K, capacity 28460K, committed 28672K, reserved 1073152K
  class space    used 3844K, capacity 3998K, committed 4096K, reserved 1048576K
Event: 11.838 GC heap after
Heap after GC invocations=10 (full 1):
 PSYoungGen      total 40960K, used 3797K [0x00000000eab00000, 0x00000000ee800000, 0x0000000100000000)
  eden space 31232K, 0% used [0x00000000eab00000,0x00000000eab00000,0x00000000ec980000)
  from space 9728K, 39% used [0x00000000ec980000,0x00000000ecd35410,0x00000000ed300000)
  to   space 9216K, 0% used [0x00000000edf00000,0x00000000edf00000,0x00000000ee800000)
 ParOldGen       total 51712K, used 12526K [0x00000000c0000000, 0x00000000c3280000, 0x00000000eab00000)
  object space 51712K, 24% used [0x00000000c0000000,0x00000000c0c3ba58,0x00000000c3280000)
 Metaspace       used 27887K, capacity 28460K, committed 28672K, reserved 1073152K
  class space    used 3844K, capacity 3998K, committed 4096K, reserved 1048576K
}
Event: 12.473 GC heap before
{Heap before GC invocations=11 (full 1):
 PSYoungGen      total 40960K, used 35029K [0x00000000eab00000, 0x00000000ee800000, 0x0000000100000000)
  eden space 31232K, 100% used [0x00000000eab00000,0x00000000ec980000,0x00000000ec980000)
  from space 9728K, 39% used [0x00000000ec980000,0x00000000ecd35410,0x00000000ed300000)
  to   space 9216K, 0% used [0x00000000edf00000,0x00000000edf00000,0x00000000ee800000)
 ParOldGen       total 51712K, used 12526K [0x00000000c0000000, 0x00000000c3280000, 0x00000000eab00000)
  object space 51712K, 24% used [0x00000000c0000000,0x00000000c0c3ba58,0x00000000c3280000)
 Metaspace       used 28084K, capacity 28658K, committed 28928K, reserved 1075200K
  class space    used 3849K, capacity 3999K, committed 4096K, reserved 1048576K
Event: 12.478 GC heap after
Heap after GC invocations=11 (full 1):
 PSYoungGen      total 52736K, used 1312K [0x00000000eab00000, 0x00000000ee880000, 0x0000000100000000)
  eden space 43520K, 0% used [0x00000000eab00000,0x00000000eab00000,0x00000000ed580000)
  from space 9216K, 14% used [0x00000000edf00000,0x00000000ee048010,0x00000000ee800000)
  to   space 9728K, 0% used [0x00000000ed580000,0x00000000ed580000,0x00000000edf00000)
 ParOldGen       total 51712K, used 13763K [0x00000000c0000000, 0x00000000c3280000, 0x00000000eab00000)
  object space 51712K, 26% used [0x00000000c0000000,0x00000000c0d70e68,0x00000000c3280000)
 Metaspace       used 28084K, capacity 28658K, committed 28928K, reserved 1075200K
  class space    used 3849K, capacity 3999K, committed 4096K, reserved 1048576K
}
Event: 13.521 GC heap before
{Heap before GC invocations=12 (full 1):
 PSYoungGen      total 52736K, used 44832K [0x00000000eab00000, 0x00000000ee880000, 0x0000000100000000)
  eden space 43520K, 100% used [0x00000000eab00000,0x00000000ed580000,0x00000000ed580000)
  from space 9216K, 14% used [0x00000000edf00000,0x00000000ee048010,0x00000000ee800000)
  to   space 9728K, 0% used [0x00000000ed580000,0x00000000ed580000,0x00000000edf00000)
 ParOldGen       total 51712K, used 13763K [0x00000000c0000000, 0x00000000c3280000, 0x00000000eab00000)
  object space 51712K, 26% used [0x00000000c0000000,0x00000000c0d70e68,0x00000000c3280000)
 Metaspace       used 29807K, capacity 30446K, committed 30720K, reserved 1075200K
  class space    used 4042K, capacity 4239K, committed 4352K, reserved 1048576K
Event: 13.525 GC heap after
Heap after GC invocations=12 (full 1):
 PSYoungGen      total 53248K, used 2626K [0x00000000eab00000, 0x00000000ef680000, 0x0000000100000000)
  eden space 43520K, 0% used [0x00000000eab00000,0x00000000eab00000,0x00000000ed580000)
  from space 9728K, 27% used [0x00000000ed580000,0x00000000ed810ba0,0x00000000edf00000)
  to   space 9216K, 0% used [0x00000000eed80000,0x00000000eed80000,0x00000000ef680000)
 ParOldGen       total 51712K, used 14659K [0x00000000c0000000, 0x00000000c3280000, 0x00000000eab00000)
  object space 51712K, 28% used [0x00000000c0000000,0x00000000c0e50e90,0x00000000c3280000)
 Metaspace       used 29807K, capacity 30446K, committed 30720K, reserved 1075200K
  class space    used 4042K, capacity 4239K, committed 4352K, reserved 1048576K
}

Deoptimization events (10 events):
Event: 13.653 Thread 0x00000000187e6000 Uncommon trap: reason=bimorphic action=maybe_recompile pc=0x0000000003d62118 method=java.security.MessageDigest$Delegate.engineUpdate([BII)V @ 7
Event: 13.653 Thread 0x00000000187e6000 Uncommon trap: reason=bimorphic action=maybe_recompile pc=0x0000000003d62118 method=java.security.MessageDigest$Delegate.engineUpdate([BII)V @ 7
Event: 13.653 Thread 0x00000000187e6000 Uncommon trap: reason=bimorphic action=maybe_recompile pc=0x0000000003d5d1bc method=sun.security.provider.DigestBase.engineUpdate([BII)V @ 128
Event: 14.000 Thread 0x00000000187e6000 Uncommon trap: reason=unstable_if action=reinterpret pc=0x00000000035b964c method=java.util.HashMap.putVal(ILjava/lang/Object;Ljava/lang/Object;ZZ)Ljava/lang/Object; @ 162
Event: 14.000 Thread 0x00000000187e6000 Uncommon trap: reason=unstable_if action=reinterpret pc=0x0000000003b8fbf8 method=java.util.HashMap.putVal(ILjava/lang/Object;Ljava/lang/Object;ZZ)Ljava/lang/Object; @ 162
Event: 14.000 Thread 0x00000000187e6000 Uncommon trap: reason=unstable_if action=reinterpret pc=0x0000000003348f68 method=java.util.HashMap.putVal(ILjava/lang/Object;Ljava/lang/Object;ZZ)Ljava/lang/Object; @ 162
Event: 14.001 Thread 0x00000000187e6000 Uncommon trap: reason=unstable_if action=reinterpret pc=0x00000000034e7ca0 method=java.util.HashMap.resize()[Ljava/util/HashMap$Node; @ 206
Event: 14.322 Thread 0x00000000187e6000 Uncommon trap: reason=predicate action=maybe_recompile pc=0x0000000003ec06b8 method=java.util.AbstractCollection.toArray([Ljava/lang/Object;)[Ljava/lang/Object; @ 49
Event: 14.335 Thread 0x00000000187e6000 Uncommon trap: reason=unstable_if action=reinterpret pc=0x0000000003e91540 method=java.lang.reflect.Modifier.toString(I)Ljava/lang/String; @ 123
Event: 14.335 Thread 0x00000000187e6000 Uncommon trap: reason=unstable_if action=reinterpret pc=0x0000000003e815a8 method=java.lang.reflect.Modifier.toString(I)Ljava/lang/String; @ 123

Internal exceptions (10 events):
Event: 13.273 Thread 0x00000000187e6000 Exception <a 'java/security/PrivilegedActionException'> (0x00000000ecb62370) thrown at [C:\src\android\AOSP-openjdk\external\jetbrains\jdk\hotspot\src\share\vm\prims\jvm.cpp, line 1386]
Event: 13.319 Thread 0x00000000187e6000 Exception <a 'java/security/PrivilegedActionException'> (0x00000000ecc9e808) thrown at [C:\src\android\AOSP-openjdk\external\jetbrains\jdk\hotspot\src\share\vm\prims\jvm.cpp, line 1386]
Event: 13.319 Thread 0x00000000187e6000 Exception <a 'java/security/PrivilegedActionException'> (0x00000000ecc9ede8) thrown at [C:\src\android\AOSP-openjdk\external\jetbrains\jdk\hotspot\src\share\vm\prims\jvm.cpp, line 1386]
Event: 13.319 Thread 0x00000000187e6000 Exception <a 'java/security/PrivilegedActionException'> (0x00000000ecca15b0) thrown at [C:\src\android\AOSP-openjdk\external\jetbrains\jdk\hotspot\src\share\vm\prims\jvm.cpp, line 1386]
Event: 13.319 Thread 0x00000000187e6000 Exception <a 'java/security/PrivilegedActionException'> (0x00000000ecca1b90) thrown at [C:\src\android\AOSP-openjdk\external\jetbrains\jdk\hotspot\src\share\vm\prims\jvm.cpp, line 1386]
Event: 13.327 Thread 0x00000000187e6000 Exception <a 'java/lang/ClassNotFoundException': build_7b6l5gfeaxpuu0qvp1ozq0cdeBeanInfo> (0x00000000eccf52e0) thrown at [C:\src\android\AOSP-openjdk\external\jetbrains\jdk\hotspot\src\share\vm\classfile\systemDictionary.cpp, line 210]
Event: 13.327 Thread 0x00000000187e6000 Exception <a 'java/lang/ClassNotFoundException': build_7b6l5gfeaxpuu0qvp1ozq0cdeCustomizer> (0x00000000ecd041b0) thrown at [C:\src\android\AOSP-openjdk\external\jetbrains\jdk\hotspot\src\share\vm\classfile\systemDictionary.cpp, line 210]
Event: 13.548 Thread 0x00000000187e6000 Exception <a 'sun/nio/fs/WindowsException'> (0x00000000eac1c030) thrown at [C:\src\android\AOSP-openjdk\external\jetbrains\jdk\hotspot\src\share\vm\prims\jni.cpp, line 709]
Event: 13.867 Thread 0x00000000187e6000 Exception <a 'java/lang/ClassNotFoundException': org/gradle/api/plugins/BasePluginConventionBeanInfo> (0x00000000ebada618) thrown at [C:\src\android\AOSP-openjdk\external\jetbrains\jdk\hotspot\src\share\vm\classfile\systemDictionary.cpp, line 210]
Event: 13.868 Thread 0x00000000187e6000 Exception <a 'java/lang/ClassNotFoundException': org/gradle/api/plugins/BasePluginConventionCustomizer> (0x00000000ebb0c428) thrown at [C:\src\android\AOSP-openjdk\external\jetbrains\jdk\hotspot\src\share\vm\classfile\systemDictionary.cpp, line 210]

Events (10 events):
Event: 14.414 loading class org/apache/tools/ant/types/EnumeratedAttribute
Event: 14.414 loading class org/apache/tools/ant/types/EnumeratedAttribute done
Event: 14.415 loading class org/apache/tools/ant/types/FilterSet$FiltersFile
Event: 14.415 loading class org/apache/tools/ant/types/FilterSet$FiltersFile done
Event: 14.415 loading class org/apache/tools/ant/types/Reference
Event: 14.415 loading class org/apache/tools/ant/types/Reference done
Event: 14.416 loading class org/apache/tools/ant/Location
Event: 14.416 loading class org/apache/tools/ant/Location done
Event: 14.427 loading class org/apache/tools/ant/input/InputRequest
Event: 14.427 loading class org/apache/tools/ant/input/InputRequest done


Dynamic libraries:
0x00007ff7031a0000 - 0x00007ff7031d1000 	C:\Program Files\Android\Android Studio1\jre\bin\java.exe
0x00007ff8434c0000 - 0x00007ff843691000 	C:\WINDOWS\SYSTEM32\ntdll.dll
0x00007ff841d00000 - 0x00007ff841dab000 	C:\WINDOWS\System32\KERNEL32.DLL
0x00007ff840650000 - 0x00007ff84086d000 	C:\WINDOWS\System32\KERNELBASE.dll
0x00007ff841610000 - 0x00007ff8416b2000 	C:\WINDOWS\System32\ADVAPI32.dll
0x00007ff841570000 - 0x00007ff84160e000 	C:\WINDOWS\System32\msvcrt.dll
0x00007ff841990000 - 0x00007ff8419e9000 	C:\WINDOWS\System32\sechost.dll
0x00007ff840a30000 - 0x00007ff840b51000 	C:\WINDOWS\System32\RPCRT4.dll
0x00007ff840d30000 - 0x00007ff840e95000 	C:\WINDOWS\System32\USER32.dll
0x00007ff83f990000 - 0x00007ff83f9ae000 	C:\WINDOWS\System32\win32u.dll
0x00007ff840f00000 - 0x00007ff840f34000 	C:\WINDOWS\System32\GDI32.dll
0x00007ff840410000 - 0x00007ff840592000 	C:\WINDOWS\System32\gdi32full.dll
0x00007ff837a80000 - 0x00007ff837cf9000 	C:\WINDOWS\WinSxS\amd64_microsoft.windows.common-controls_6595b64144ccf1df_6.0.14393.447_none_42191651c6827bb3\COMCTL32.dll
0x00007ff8416c0000 - 0x00007ff841987000 	C:\WINDOWS\System32\combase.dll
0x00007ff8400f0000 - 0x00007ff8401e5000 	C:\WINDOWS\System32\ucrtbase.dll
0x00007ff840870000 - 0x00007ff8408da000 	C:\WINDOWS\System32\bcryptPrimitives.dll
0x00007ff843320000 - 0x00007ff84334e000 	C:\WINDOWS\System32\IMM32.DLL
0x0000000054d60000 - 0x0000000054e32000 	C:\Program Files\Android\Android Studio1\jre\jre\bin\msvcr100.dll
0x0000000054e40000 - 0x0000000055674000 	C:\Program Files\Android\Android Studio1\jre\jre\bin\server\jvm.dll
0x00007ff8434b0000 - 0x00007ff8434b8000 	C:\WINDOWS\System32\PSAPI.DLL
0x00007ff82f9a0000 - 0x00007ff82f9a9000 	C:\WINDOWS\SYSTEM32\WSOCK32.dll
0x00007ff843440000 - 0x00007ff8434aa000 	C:\WINDOWS\System32\WS2_32.dll
0x00007ff83ddc0000 - 0x00007ff83dde3000 	C:\WINDOWS\SYSTEM32\WINMM.dll
0x00007ff838a70000 - 0x00007ff838a7a000 	C:\WINDOWS\SYSTEM32\VERSION.dll
0x0000000002ed0000 - 0x0000000002efb000 	C:\WINDOWS\SYSTEM32\WINMMBASE.dll
0x00007ff8403c0000 - 0x00007ff840402000 	C:\WINDOWS\System32\cfgmgr32.dll
0x00007ff836ed0000 - 0x00007ff836edf000 	C:\Program Files\Android\Android Studio1\jre\jre\bin\verify.dll
0x00007ff82a000000 - 0x00007ff82a029000 	C:\Program Files\Android\Android Studio1\jre\jre\bin\java.dll
0x00007ff824c40000 - 0x00007ff824c56000 	C:\Program Files\Android\Android Studio1\jre\jre\bin\zip.dll
0x00007ff841e10000 - 0x00007ff843319000 	C:\WINDOWS\System32\SHELL32.dll
0x00007ff83f9b0000 - 0x00007ff84008a000 	C:\WINDOWS\System32\windows.storage.dll
0x00007ff83f910000 - 0x00007ff83f95c000 	C:\WINDOWS\System32\powrprof.dll
0x00007ff840ea0000 - 0x00007ff840ef2000 	C:\WINDOWS\System32\shlwapi.dll
0x00007ff83f900000 - 0x00007ff83f90f000 	C:\WINDOWS\System32\kernel.appcore.dll
0x00007ff840980000 - 0x00007ff840a29000 	C:\WINDOWS\System32\shcore.dll
0x00007ff83f960000 - 0x00007ff83f974000 	C:\WINDOWS\System32\profapi.dll
0x00007ff824a40000 - 0x00007ff824a5a000 	C:\Program Files\Android\Android Studio1\jre\jre\bin\net.dll
0x00007ff83f100000 - 0x00007ff83f15c000 	C:\WINDOWS\system32\mswsock.dll
0x00007ff823f90000 - 0x00007ff823fa1000 	C:\Program Files\Android\Android Studio1\jre\jre\bin\nio.dll
0x00007ff82e800000 - 0x00007ff82e812000 	C:\Users\Mac\.gradle\native\19\windows-amd64\native-platform.dll
0x00007ff83f370000 - 0x00007ff83f387000 	C:\WINDOWS\SYSTEM32\CRYPTSP.dll
0x00007ff83f280000 - 0x00007ff83f2b3000 	C:\WINDOWS\system32\rsaenh.dll
0x00007ff83f840000 - 0x00007ff83f86b000 	C:\WINDOWS\SYSTEM32\bcrypt.dll
0x00007ff83ef80000 - 0x00007ff83ef9f000 	C:\WINDOWS\SYSTEM32\USERENV.dll
0x00007ff83f390000 - 0x00007ff83f39b000 	C:\WINDOWS\SYSTEM32\CRYPTBASE.dll
0x00007ff83ee90000 - 0x00007ff83eec8000 	C:\WINDOWS\SYSTEM32\IPHLPAPI.DLL
0x00007ff8419f0000 - 0x00007ff8419f8000 	C:\WINDOWS\System32\NSI.dll
0x00007ff838a80000 - 0x00007ff838a96000 	C:\WINDOWS\SYSTEM32\dhcpcsvc6.DLL
0x00007ff838b50000 - 0x00007ff838b6a000 	C:\WINDOWS\SYSTEM32\dhcpcsvc.DLL
0x00007ff8330a0000 - 0x00007ff8330ad000 	C:\Program Files\Android\Android Studio1\jre\jre\bin\management.dll

VM Arguments:
jvm_args: -XX:MaxPermSize=256m -XX:+HeapDumpOnOutOfMemoryError -Xmx1024m -Dfile.encoding=windows-1252 -Duser.country=US -Duser.language=en -Duser.variant 
java_command: org.gradle.launcher.daemon.bootstrap.GradleDaemon 2.14.1
java_class_path (initial): C:\Program Files\Android\Android Studio1\gradle\gradle-2.14.1\lib\gradle-launcher-2.14.1.jar
Launcher Type: SUN_STANDARD

Environment Variables:
PATH=C:\ProgramData\Oracle\Java\javapath;C:\Program Files\Common Files\Microsoft Shared\Windows Live;C:\Program Files (x86)\Common Files\Microsoft Shared\Windows Live;C:\Program Files (x86)\NVIDIA Corporation\PhysX\Common;C:\Program Files (x86)\Intel\iCLS Client\;C:\Program Files\Intel\iCLS Client\;C:\WINDOWS\system32;C:\WINDOWS;C:\WINDOWS\System32\Wbem;C:\WINDOWS\System32\WindowsPowerShell\v1.0\;C:\Program Files\Intel\Intel(R) Management Engine Components\DAL;C:\Program Files\Intel\Intel(R) Management Engine Components\IPT;C:\Program Files (x86)\Intel\Intel(R) Management Engine Components\DAL;C:\Program Files (x86)\Intel\Intel(R) Management Engine Components\IPT;C:\Program Files\Intel\WiFi\bin\;C:\Program Files\Common Files\Intel\WirelessCommon\;C:\Program Files\WIDCOMM\Bluetooth Software\;C:\Program Files\WIDCOMM\Bluetooth Software\syswow64;C:\Program Files (x86)\Windows Live\Shared;C:\Go\bin;C:\Users\Mac\.dnx\bin;C:\Program Files\Microsoft DNX\Dnvm\;C:\Ruby22-x64\bin;C:\Program Files\Java\jdk1.8.0_66\bin;C:\Use;C:\Users\Mac\AppData\Local\GitHub\PortableGit_c7e0cbde92ba565cb218a521411d0e854079a28c\cmd;C:\WINDOWS\system32;C:\WINDOWS;C:\WINDOWS\System32\Wbem;C:\WINDOWS\System32\WindowsPowerShell\v1.0\;C:\Ruby22-x64\bin;C:\Program Files\Java\jdk1.8.0_66\bin;C:\Users\Mac\AppData\Local\atom\bin;C:\Users\Mac\AppData\Local\Microsoft\WindowsApps;
USERNAME=Mac
OS=Windows_NT
PROCESSOR_IDENTIFIER=Intel64 Family 6 Model 58 Stepping 9, GenuineIntel



---------------  S Y S T E M  ---------------

OS: Windows 10.0 , 64 bit Build 14393 (10.0.14393.0)

CPU:total 4 (2 cores per cpu, 2 threads per core) family 6 model 58 stepping 9, cmov, cx8, fxsr, mmx, sse, sse2, sse3, ssse3, sse4.1, sse4.2, popcnt, avx, aes, clmul, erms, ht, tsc, tscinvbit, tscinv

Memory: 4k page, physical 6191416k(548548k free), swap 7239992k(5636k free)

vm_info: OpenJDK 64-Bit Server VM (25.76-b03) for windows-amd64 JRE (1.8.0_76-release-b03), built on Jun 29 2016 19:09:20 by "ralucas" with MS VC++ 10.0 (VS2010)

time: Tue Nov 22 18:43:16 2016
elapsed time: 14 seconds (0d 0h 0m 14s)

