#
# There is insufficient memory for the Java Runtime Environment to continue.
# Native memory allocation (malloc) failed to allocate 1048576 bytes for AllocateHeap
# Possible reasons:
#   The system is out of physical RAM or swap space
#   In 32 bit mode, the process size limit was hit
# Possible solutions:
#   Reduce memory load on the system
#   Increase physical memory or swap space
#   Check if swap backing store is full
#   Use 64 bit Java on a 64 bit OS
#   Decrease Java heap size (-Xmx/-Xms)
#   Decrease number of Java threads
#   Decrease Java thread stack sizes (-Xss)
#   Set larger code cache with -XX:ReservedCodeCacheSize=
# This output file may be truncated or incomplete.
#
#  Out of Memory Error (memory/allocation.inline.hpp:61), pid=6904, tid=0x0000000000003350
#
# JRE version:  (8.0_76-b03) (build )
# Java VM: OpenJDK 64-Bit Server VM (25.76-b03 mixed mode windows-amd64 compressed oops)
# Failed to write core dump. Minidumps are not enabled by default on client versions of Windows
#

---------------  T H R E A D  ---------------

Current thread (0x00000000026dd800):  JavaThread "Unknown thread" [_thread_in_vm, id=13136, stack(0x00000000027c0000,0x00000000028c0000)]

Stack: [0x00000000027c0000,0x00000000028c0000]
[error occurred during error reporting (printing stack bounds), id 0xc0000005]

Native frames: (J=compiled Java code, j=interpreted, Vv=VM code, C=native code)


---------------  P R O C E S S  ---------------

Java Threads: ( => current thread )

Other Threads:

=>0x00000000026dd800 (exited) JavaThread "Unknown thread" [_thread_in_vm, id=13136, stack(0x00000000027c0000,0x00000000028c0000)]

VM state:not at safepoint (normal execution)

VM Mutex/Monitor currently owned by a thread: None

Heap:
 PSYoungGen      total 28672K, used 491K [0x00000000eab00000, 0x00000000ecb00000, 0x0000000100000000)
  eden space 24576K, 2% used [0x00000000eab00000,0x00000000eab7ae20,0x00000000ec300000)
  from space 4096K, 0% used [0x00000000ec700000,0x00000000ec700000,0x00000000ecb00000)
  to   space 4096K, 0% used [0x00000000ec300000,0x00000000ec300000,0x00000000ec700000)
 ParOldGen       total 65536K, used 0K [0x00000000c0000000, 0x00000000c4000000, 0x00000000eab00000)
  object space 65536K, 0% used [0x00000000c0000000,0x00000000c0000000,0x00000000c4000000)
 Metaspace       used 771K, capacity 4480K, committed 4480K, reserved 1056768K
  class space    used 73K, capacity 384K, committed 384K, reserved 1048576K

Card table byte_map: [0x0000000011e80000,0x0000000012090000] byte_map_base: 0x0000000011880000

Marking Bits: (ParMarkBitMap*) 0x0000000075fc9d00
 Begin Bits: [0x00000000125f0000, 0x00000000135f0000)
 End Bits:   [0x00000000135f0000, 0x00000000145f0000)

Polling page: 0x0000000000f20000

CodeCache: size=245760Kb used=328Kb max_used=328Kb free=245431Kb
 bounds [0x0000000002ac0000, 0x0000000002d30000, 0x0000000011ac0000]
 total_blobs=57 nmethods=0 adapters=38
 compilation: enabled

Compilation events (0 events):
No events

GC Heap History (0 events):
No events

Deoptimization events (0 events):
No events

Internal exceptions (0 events):
No events

Events (10 events):
Event: 0.360 loading class java/lang/Short
Event: 0.360 loading class java/lang/Short done
Event: 0.360 loading class java/lang/Integer
Event: 0.361 loading class java/lang/Integer done
Event: 0.361 loading class java/lang/Long
Event: 0.361 loading class java/lang/Long done
Event: 0.362 loading class java/lang/NullPointerException
Event: 0.362 loading class java/lang/NullPointerException done
Event: 0.362 loading class java/lang/ArithmeticException
Event: 0.362 loading class java/lang/ArithmeticException done


Dynamic libraries:
0x00007ff7fd840000 - 0x00007ff7fd871000 	C:\Program Files\Android\Android Studio1\jre\bin\java.exe
0x00007ffc48e70000 - 0x00007ffc49041000 	C:\WINDOWS\SYSTEM32\ntdll.dll
0x00007ffc48c80000 - 0x00007ffc48d2b000 	C:\WINDOWS\System32\KERNEL32.DLL
0x00007ffc45560000 - 0x00007ffc4577d000 	C:\WINDOWS\System32\KERNELBASE.dll
0x00007ffc46a70000 - 0x00007ffc46b12000 	C:\WINDOWS\System32\ADVAPI32.dll
0x00007ffc469d0000 - 0x00007ffc46a6e000 	C:\WINDOWS\System32\msvcrt.dll
0x00007ffc46f60000 - 0x00007ffc46fb9000 	C:\WINDOWS\System32\sechost.dll
0x00007ffc48d40000 - 0x00007ffc48e61000 	C:\WINDOWS\System32\RPCRT4.dll
0x00007ffc48750000 - 0x00007ffc488b5000 	C:\WINDOWS\System32\USER32.dll
0x00007ffc45540000 - 0x00007ffc4555e000 	C:\WINDOWS\System32\win32u.dll
0x00007ffc47120000 - 0x00007ffc47154000 	C:\WINDOWS\System32\GDI32.dll
0x00007ffc46150000 - 0x00007ffc462d2000 	C:\WINDOWS\System32\gdi32full.dll
0x00007ffc3d3e0000 - 0x00007ffc3d659000 	C:\WINDOWS\WinSxS\amd64_microsoft.windows.common-controls_6595b64144ccf1df_6.0.14393.447_none_42191651c6827bb3\COMCTL32.dll
0x00007ffc46470000 - 0x00007ffc46738000 	C:\WINDOWS\System32\combase.dll
0x00007ffc453a0000 - 0x00007ffc45495000 	C:\WINDOWS\System32\ucrtbase.dll
0x00007ffc45780000 - 0x00007ffc457ea000 	C:\WINDOWS\System32\bcryptPrimitives.dll
0x00007ffc463e0000 - 0x00007ffc4640e000 	C:\WINDOWS\System32\IMM32.DLL
0x0000000075730000 - 0x0000000075802000 	C:\Program Files\Android\Android Studio1\jre\jre\bin\msvcr100.dll
0x0000000075810000 - 0x0000000076044000 	C:\Program Files\Android\Android Studio1\jre\jre\bin\server\jvm.dll
0x00007ffc46b20000 - 0x00007ffc46b28000 	C:\WINDOWS\System32\PSAPI.DLL
0x00007ffc35530000 - 0x00007ffc35539000 	C:\WINDOWS\SYSTEM32\WSOCK32.dll
0x00007ffc48a60000 - 0x00007ffc48aca000 	C:\WINDOWS\System32\WS2_32.dll
0x00007ffc43740000 - 0x00007ffc43763000 	C:\WINDOWS\SYSTEM32\WINMM.dll
0x00007ffc3dd50000 - 0x00007ffc3dd5a000 	C:\WINDOWS\SYSTEM32\VERSION.dll
0x00007ffc43710000 - 0x00007ffc4373b000 	C:\WINDOWS\SYSTEM32\WINMMBASE.dll
0x00007ffc46390000 - 0x00007ffc463d2000 	C:\WINDOWS\System32\cfgmgr32.dll
0x00007ffc427e0000 - 0x00007ffc427ef000 	C:\Program Files\Android\Android Studio1\jre\jre\bin\verify.dll
0x00007ffc40760000 - 0x00007ffc40789000 	C:\Program Files\Android\Android Studio1\jre\jre\bin\java.dll
0x00007ffc427c0000 - 0x00007ffc427d6000 	C:\Program Files\Android\Android Studio1\jre\jre\bin\zip.dll

VM Arguments:
jvm_args: -Djava.awt.headless=true -Xmx1024M -Dfile.encoding=windows-1252 -Duser.country=US -Duser.language=en -Duser.variant 
java_command: com.android.dx.command.Main --dex --force-jumbo --num-threads=4 --multi-dex --output C:\Users\Mac\Documents\GitHub\ftc_app-3113-beta\TeamCode\build\intermediates\transforms\dex\debug\folders\1000\5\slice_0 C:\Users\Mac\Documents\GitHub\ftc_app-3113-beta\TeamCode\build\intermediates\transforms\instantRunSlicer\debug\folders\1\5\slice_0
java_class_path (initial): C:\Users\Mac\AppData\Local\Android\sdk1\build-tools\23.0.3\lib\dx.jar
Launcher Type: SUN_STANDARD

Environment Variables:
PATH=C:\ProgramData\Oracle\Java\javapath;C:\Program Files\Common Files\Microsoft Shared\Windows Live;C:\Program Files (x86)\Common Files\Microsoft Shared\Windows Live;C:\Program Files (x86)\NVIDIA Corporation\PhysX\Common;C:\Program Files (x86)\Intel\iCLS Client\;C:\Program Files\Intel\iCLS Client\;C:\WINDOWS\system32;C:\WINDOWS;C:\WINDOWS\System32\Wbem;C:\WINDOWS\System32\WindowsPowerShell\v1.0\;C:\Program Files\Intel\Intel(R) Management Engine Components\DAL;C:\Program Files\Intel\Intel(R) Management Engine Components\IPT;C:\Program Files (x86)\Intel\Intel(R) Management Engine Components\DAL;C:\Program Files (x86)\Intel\Intel(R) Management Engine Components\IPT;C:\Program Files\Intel\WiFi\bin\;C:\Program Files\Common Files\Intel\WirelessCommon\;C:\Program Files\WIDCOMM\Bluetooth Software\;C:\Program Files\WIDCOMM\Bluetooth Software\syswow64;C:\Program Files (x86)\Windows Live\Shared;C:\Go\bin;C:\Users\Mac\.dnx\bin;C:\Program Files\Microsoft DNX\Dnvm\;C:\Ruby22-x64\bin;C:\Program Files\Java\jdk1.8.0_66\bin;C:\Use;C:\Users\Mac\AppData\Local\GitHub\PortableGit_c7e0cbde92ba565cb218a521411d0e854079a28c\cmd;C:\WINDOWS\system32;C:\WINDOWS;C:\WINDOWS\System32\Wbem;C:\WINDOWS\System32\WindowsPowerShell\v1.0\;C:\Ruby22-x64\bin;C:\Program Files\Java\jdk1.8.0_66\bin;C:\Users\Mac\AppData\Local\atom\bin;C:\Users\Mac\AppData\Local\Microsoft\WindowsApps;
USERNAME=Mac
OS=Windows_NT
PROCESSOR_IDENTIFIER=Intel64 Family 6 Model 58 Stepping 9, GenuineIntel



---------------  S Y S T E M  ---------------

OS: Windows 10.0 , 64 bit Build 14393 (10.0.14393.0)

CPU:total 4 (2 cores per cpu, 2 threads per core) family 6 model 58 stepping 9, cmov, cx8, fxsr, mmx, sse, sse2, sse3, ssse3, sse4.1, sse4.2, popcnt, avx, aes, clmul, erms, ht, tsc, tscinvbit, tscinv

Memory: 4k page, physical 6191416k(1547212k free), swap 7239992k(16040k free)

vm_info: OpenJDK 64-Bit Server VM (25.76-b03) for windows-amd64 JRE (1.8.0_76-release-b03), built on Jun 29 2016 19:09:20 by "ralucas" with MS VC++ 10.0 (VS2010)

time: Sun Jan 15 16:10:49 2017
elapsed time: 0 seconds (0d 0h 0m 0s)

