#
# There is insufficient memory for the Java Runtime Environment to continue.
# Native memory allocation (malloc) failed to allocate 758576 bytes for Chunk::new
# Possible reasons:
#   The system is out of physical RAM or swap space
#   In 32 bit mode, the process size limit was hit
# Possible solutions:
#   Reduce memory load on the system
#   Increase physical memory or swap space
#   Check if swap backing store is full
#   Use 64 bit Java on a 64 bit OS
#   Decrease Java heap size (-Xmx/-Xms)
#   Decrease number of Java threads
#   Decrease Java thread stack sizes (-Xss)
#   Set larger code cache with -XX:ReservedCodeCacheSize=
# This output file may be truncated or incomplete.
#
#  Out of Memory Error (allocation.cpp:390), pid=12864, tid=0x00000000000034d0
#
# JRE version: OpenJDK Runtime Environment (8.0_76-b03) (build 1.8.0_76-release-b03)
# Java VM: OpenJDK 64-Bit Server VM (25.76-b03 mixed mode windows-amd64 compressed oops)
# Failed to write core dump. Minidumps are not enabled by default on client versions of Windows
#

---------------  T H R E A D  ---------------

Current thread (0x00000000155fd000):  JavaThread "C2 CompilerThread0" daemon [_thread_in_native, id=13520, stack(0x0000000016c40000,0x0000000016d40000)]

Stack: [0x0000000016c40000,0x0000000016d40000]
[error occurred during error reporting (printing stack bounds), id 0xc0000005]

Native frames: (J=compiled Java code, j=interpreted, Vv=VM code, C=native code)


Current CompileTask:
C2:   3802 1428   !   4       com.android.dx.cf.code.BytecodeArray::parseInstruction (2764 bytes)


---------------  P R O C E S S  ---------------

Java Threads: ( => current thread )
  0x000000001718d000 JavaThread "pool-2-thread-4" [_thread_blocked, id=2064, stack(0x0000000017940000,0x0000000017a40000)]
  0x000000001718b800 JavaThread "pool-2-thread-3" [_thread_in_Java, id=11212, stack(0x0000000017840000,0x0000000017940000)]
  0x00000000171d8800 JavaThread "pool-2-thread-2" [_thread_in_Java, id=13612, stack(0x0000000017740000,0x0000000017840000)]
  0x00000000171d5000 JavaThread "pool-3-thread-1" [_thread_blocked, id=13928, stack(0x0000000017640000,0x0000000017740000)]
  0x00000000171d4000 JavaThread "pool-2-thread-1" [_thread_in_Java, id=13368, stack(0x0000000017540000,0x0000000017640000)]
  0x0000000016f4c800 JavaThread "Service Thread" daemon [_thread_blocked, id=10320, stack(0x0000000017340000,0x0000000017440000)]
  0x000000001565e000 JavaThread "C1 CompilerThread2" daemon [_thread_blocked, id=9384, stack(0x0000000016e40000,0x0000000016f40000)]
  0x0000000015656000 JavaThread "C2 CompilerThread1" daemon [_thread_blocked, id=14008, stack(0x0000000016d40000,0x0000000016e40000)]
=>0x00000000155fd000 JavaThread "C2 CompilerThread0" daemon [_thread_in_native, id=13520, stack(0x0000000016c40000,0x0000000016d40000)]
  0x00000000155fb000 JavaThread "Attach Listener" daemon [_thread_blocked, id=10512, stack(0x0000000016b40000,0x0000000016c40000)]
  0x0000000002f2e800 JavaThread "Signal Dispatcher" daemon [_thread_blocked, id=7356, stack(0x0000000016a40000,0x0000000016b40000)]
  0x00000000155e8800 JavaThread "Finalizer" daemon [_thread_blocked, id=4164, stack(0x0000000016850000,0x0000000016950000)]
  0x0000000002f20800 JavaThread "Reference Handler" daemon [_thread_blocked, id=8296, stack(0x0000000016750000,0x0000000016850000)]
  0x0000000002e2d800 JavaThread "main" [_thread_in_Java, id=12836, stack(0x0000000002c70000,0x0000000002d70000)]

Other Threads:
  0x00000000155c5000 VMThread [stack: 0x0000000016650000,0x0000000016750000] [id=8468]
  0x0000000016f44000 WatcherThread [stack: 0x0000000017440000,0x0000000017540000] [id=9892]

VM state:not at safepoint (normal execution)

VM Mutex/Monitor currently owned by a thread: None

Heap:
 PSYoungGen      total 53248K, used 29564K [0x00000000eab00000, 0x00000000ee300000, 0x0000000100000000)
  eden space 49152K, 51% used [0x00000000eab00000,0x00000000ec3e4d78,0x00000000edb00000)
  from space 4096K, 99% used [0x00000000edf00000,0x00000000ee2fa3e8,0x00000000ee300000)
  to   space 4096K, 0% used [0x00000000edb00000,0x00000000edb00000,0x00000000edf00000)
 ParOldGen       total 65536K, used 3762K [0x00000000c0000000, 0x00000000c4000000, 0x00000000eab00000)
  object space 65536K, 5% used [0x00000000c0000000,0x00000000c03acaf0,0x00000000c4000000)
 Metaspace       used 6127K, capacity 7088K, committed 7296K, reserved 1056768K
  class space    used 579K, capacity 616K, committed 640K, reserved 1048576K

Card table byte_map: [0x00000000122f0000,0x0000000012500000] byte_map_base: 0x0000000011cf0000

Marking Bits: (ParMarkBitMap*) 0x0000000075fc9d00
 Begin Bits: [0x0000000012a60000, 0x0000000013a60000)
 End Bits:   [0x0000000013a60000, 0x0000000014a60000)

Polling page: 0x0000000001320000

CodeCache: size=245760Kb used=6114Kb max_used=6127Kb free=239645Kb
 bounds [0x0000000002f30000, 0x0000000003540000, 0x0000000011f30000]
 total_blobs=1752 nmethods=1483 adapters=182
 compilation: disabled (not enough contiguous free space left)

Compilation events (10 events):
Event: 3.487 Thread 0x000000001565e000 1470       3       com.android.dx.ssa.SsaInsn::makeFromRop (10 bytes)
Event: 3.487 Thread 0x000000001565e000 nmethod 1470 0x0000000003518410 code [0x00000000035185a0, 0x0000000003518a28]
Event: 3.488 Thread 0x000000001565e000 1471       3       com.android.dx.rop.annotation.Annotations::add (75 bytes)
Event: 3.490 Thread 0x000000001565e000 nmethod 1471 0x0000000003518c90 code [0x0000000003518f00, 0x0000000003519e28]
Event: 3.492 Thread 0x000000001565e000 1473       3       com.android.dx.dex.file.CodeItem::<init> (81 bytes)
Event: 3.493 Thread 0x000000001565e000 nmethod 1473 0x000000000351a510 code [0x000000000351a6c0, 0x000000000351abb8]
Event: 3.494 Thread 0x000000001565e000 1474       3       com.android.dx.dex.file.ClassDefItem::addVirtualMethod (9 bytes)
Event: 3.495 Thread 0x000000001565e000 nmethod 1474 0x000000000351ad90 code [0x000000000351af40, 0x000000000351b5f8]
Event: 3.640 Thread 0x000000001565e000 1477       3       sun.misc.VM::addFinalRefCount (24 bytes)
Event: 3.640 Thread 0x000000001565e000 nmethod 1477 0x000000000351b9d0 code [0x000000000351bb20, 0x000000000351bcd0]

GC Heap History (4 events):
Event: 1.999 GC heap before
{Heap before GC invocations=1 (full 0):
 PSYoungGen      total 28672K, used 24576K [0x00000000eab00000, 0x00000000ecb00000, 0x0000000100000000)
  eden space 24576K, 100% used [0x00000000eab00000,0x00000000ec300000,0x00000000ec300000)
  from space 4096K, 0% used [0x00000000ec700000,0x00000000ec700000,0x00000000ecb00000)
  to   space 4096K, 0% used [0x00000000ec300000,0x00000000ec300000,0x00000000ec700000)
 ParOldGen       total 65536K, used 0K [0x00000000c0000000, 0x00000000c4000000, 0x00000000eab00000)
  object space 65536K, 0% used [0x00000000c0000000,0x00000000c0000000,0x00000000c4000000)
 Metaspace       used 5847K, capacity 6832K, committed 7040K, reserved 1056768K
  class space    used 577K, capacity 616K, committed 640K, reserved 1048576K
Event: 2.081 GC heap after
Heap after GC invocations=1 (full 0):
 PSYoungGen      total 28672K, used 4089K [0x00000000eab00000, 0x00000000ee300000, 0x0000000100000000)
  eden space 24576K, 0% used [0x00000000eab00000,0x00000000eab00000,0x00000000ec300000)
  from space 4096K, 99% used [0x00000000ec300000,0x00000000ec6fe490,0x00000000ec700000)
  to   space 4096K, 0% used [0x00000000edf00000,0x00000000edf00000,0x00000000ee300000)
 ParOldGen       total 65536K, used 843K [0x00000000c0000000, 0x00000000c4000000, 0x00000000eab00000)
  object space 65536K, 1% used [0x00000000c0000000,0x00000000c00d2d30,0x00000000c4000000)
 Metaspace       used 5847K, capacity 6832K, committed 7040K, reserved 1056768K
  class space    used 577K, capacity 616K, committed 640K, reserved 1048576K
}
Event: 3.557 GC heap before
{Heap before GC invocations=2 (full 0):
 PSYoungGen      total 28672K, used 28665K [0x00000000eab00000, 0x00000000ee300000, 0x0000000100000000)
  eden space 24576K, 100% used [0x00000000eab00000,0x00000000ec300000,0x00000000ec300000)
  from space 4096K, 99% used [0x00000000ec300000,0x00000000ec6fe490,0x00000000ec700000)
  to   space 4096K, 0% used [0x00000000edf00000,0x00000000edf00000,0x00000000ee300000)
 ParOldGen       total 65536K, used 843K [0x00000000c0000000, 0x00000000c4000000, 0x00000000eab00000)
  object space 65536K, 1% used [0x00000000c0000000,0x00000000c00d2d30,0x00000000c4000000)
 Metaspace       used 6077K, capacity 7024K, committed 7296K, reserved 1056768K
  class space    used 579K, capacity 616K, committed 640K, reserved 1048576K
Event: 3.637 GC heap after
Heap after GC invocations=2 (full 0):
 PSYoungGen      total 53248K, used 4072K [0x00000000eab00000, 0x00000000ee300000, 0x0000000100000000)
  eden space 49152K, 0% used [0x00000000eab00000,0x00000000eab00000,0x00000000edb00000)
  from space 4096K, 99% used [0x00000000edf00000,0x00000000ee2fa3e8,0x00000000ee300000)
  to   space 4096K, 0% used [0x00000000edb00000,0x00000000edb00000,0x00000000edf00000)
 ParOldGen       total 65536K, used 3762K [0x00000000c0000000, 0x00000000c4000000, 0x00000000eab00000)
  object space 65536K, 5% used [0x00000000c0000000,0x00000000c03acaf0,0x00000000c4000000)
 Metaspace       used 6077K, capacity 7024K, committed 7296K, reserved 1056768K
  class space    used 579K, capacity 616K, committed 640K, reserved 1048576K
}

Deoptimization events (10 events):
Event: 1.237 Thread 0x000000001718b800 Uncommon trap: reason=class_check action=maybe_recompile pc=0x00000000031cd630 method=com.android.dx.ssa.NormalSsaInsn.accept(Lcom/android/dx/ssa/SsaInsn$Visitor;)V @ 9
Event: 1.272 Thread 0x000000001718b800 Uncommon trap: reason=class_check action=maybe_recompile pc=0x00000000031cd630 method=com.android.dx.ssa.NormalSsaInsn.accept(Lcom/android/dx/ssa/SsaInsn$Visitor;)V @ 9
Event: 1.272 Thread 0x000000001718b800 Uncommon trap: reason=class_check action=maybe_recompile pc=0x00000000031cd630 method=com.android.dx.ssa.NormalSsaInsn.accept(Lcom/android/dx/ssa/SsaInsn$Visitor;)V @ 9
Event: 2.300 Thread 0x00000000171d8800 Uncommon trap: reason=null_check action=make_not_entrant pc=0x0000000003265150 method=com.android.dx.ssa.SsaRenamer.getLocalForNewReg(I)Lcom/android/dx/rop/code/LocalItem; @ 19
Event: 2.442 Thread 0x00000000171d8800 Uncommon trap: reason=null_check action=make_not_entrant pc=0x000000000326da44 method=com.android.dx.ssa.SsaRenamer.getLocalForNewReg(I)Lcom/android/dx/rop/code/LocalItem; @ 19
Event: 2.826 Thread 0x00000000171d8800 Uncommon trap: reason=unstable_if action=reinterpret pc=0x00000000034186cc method=com.android.dx.ssa.MoveParamCombiner$1.visitNonMoveInsn(Lcom/android/dx/ssa/NormalSsaInsn;)V @ 27
Event: 3.413 Thread 0x000000001718b800 Uncommon trap: reason=bimorphic action=maybe_recompile pc=0x0000000003415838 method=java.util.HashMap.putVal(ILjava/lang/Object;Ljava/lang/Object;ZZ)Ljava/lang/Object; @ 203
Event: 3.425 Thread 0x000000001718b800 Uncommon trap: reason=unstable_if action=reinterpret pc=0x00000000034c306c method=com.android.dx.ssa.InterferenceRegisterMapper.interferes(III)Z @ 69
Event: 3.439 Thread 0x000000001718b800 Uncommon trap: reason=bimorphic action=maybe_recompile pc=0x000000000349bc68 method=com.android.dx.ssa.LiteralOpUpgrader.tryReplacingWithConstant(Lcom/android/dx/ssa/NormalSsaInsn;)Z @ 62
Event: 3.439 Thread 0x000000001718b800 Uncommon trap: reason=unstable_if action=reinterpret pc=0x00000000032ef01c method=com.android.dx.ssa.SsaMethod.updateOneDefinition(Lcom/android/dx/ssa/SsaInsn;Lcom/android/dx/rop/code/RegisterSpec;)V @ 4

Internal exceptions (4 events):
Event: 0.149 Thread 0x0000000002e2d800 Exception <a 'java/lang/NoSuchMethodError': Method sun.misc.Unsafe.defineClass(Ljava/lang/String;[BII)Ljava/lang/Class; name or signature does not match> (0x00000000eab07cc0) thrown at [C:\src\android\AOSP-openjdk\external\jetbrains\jdk\hotspot\src\share\vÞ[ŸcLÃ?
Event: 0.149 Thread 0x0000000002e2d800 Exception <a 'java/lang/NoSuchMethodError': Method sun.misc.Unsafe.prefetchRead(Ljava/lang/Object;J)V name or signature does not match> (0x00000000eab07fa8) thrown at [C:\src\android\AOSP-openjdk\external\jetbrains\jdk\hotspot\src\share\vm\prims\jni.cpp, lôš‡ŽGf@
Event: 2.300 Thread 0x00000000171d8800 Implicit null exception at 0x000000000326289c to 0x000000000326510d
Event: 2.442 Thread 0x00000000171d8800 Implicit null exception at 0x000000000326b547 to 0x000000000326da25

Events (10 events):
Event: 3.425 Thread 0x000000001718b800 DEOPT PACKING pc=0x00000000034c306c sp=0x000000001793eda0
Event: 3.425 Thread 0x000000001718b800 DEOPT UNPACKING pc=0x0000000002f7556a sp=0x000000001793ed30 mode 2
Event: 3.439 Thread 0x000000001718b800 Uncommon trap: trap_request=0xffffffc6 fr.pc=0x000000000349bc68
Event: 3.439 Thread 0x000000001718b800 DEOPT PACKING pc=0x000000000349bc68 sp=0x000000001793ed10
Event: 3.439 Thread 0x000000001718b800 DEOPT UNPACKING pc=0x0000000002f7556a sp=0x000000001793ec18 mode 2
Event: 3.439 Thread 0x000000001718b800 Uncommon trap: trap_request=0xffffff65 fr.pc=0x00000000032ef01c
Event: 3.439 Thread 0x000000001718b800 DEOPT PACKING pc=0x00000000032ef01c sp=0x000000001793eaf0
Event: 3.439 Thread 0x000000001718b800 DEOPT UNPACKING pc=0x0000000002f7556a sp=0x000000001793ea98 mode 2
Event: 3.500 Executing VM operation: ParallelGCFailedAllocation
Event: 3.637 Executing VM operation: ParallelGCFailedAllocation done


Dynamic libraries:
0x00007ff7fd840000 - 0x00007ff7fd871000 	C:\Program Files\Android\Android Studio1\jre\bin\java.exe
0x00007ffc48e70000 - 0x00007ffc49041000 	C:\WINDOWS\SYSTEM32\ntdll.dll
0x00007ffc48c80000 - 0x00007ffc48d2b000 	C:\WINDOWS\System32\KERNEL32.DLL
0x00007ffc45560000 - 0x00007ffc4577d000 	C:\WINDOWS\System32\KERNELBASE.dll
0x00007ffc46a70000 - 0x00007ffc46b12000 	C:\WINDOWS\System32\ADVAPI32.dll
0x00007ffc469d0000 - 0x00007ffc46a6e000 	C:\WINDOWS\System32\msvcrt.dll
0x00007ffc46f60000 - 0x00007ffc46fb9000 	C:\WINDOWS\System32\sechost.dll
0x00007ffc48d40000 - 0x00007ffc48e61000 	C:\WINDOWS\System32\RPCRT4.dll
0x00007ffc48750000 - 0x00007ffc488b5000 	C:\WINDOWS\System32\USER32.dll
0x00007ffc45540000 - 0x00007ffc4555e000 	C:\WINDOWS\System32\win32u.dll
0x00007ffc47120000 - 0x00007ffc47154000 	C:\WINDOWS\System32\GDI32.dll
0x00007ffc46150000 - 0x00007ffc462d2000 	C:\WINDOWS\System32\gdi32full.dll
0x00007ffc3d3e0000 - 0x00007ffc3d659000 	C:\WINDOWS\WinSxS\amd64_microsoft.windows.common-controls_6595b64144ccf1df_6.0.14393.447_none_42191651c6827bb3\COMCTL32.dll
0x00007ffc46470000 - 0x00007ffc46738000 	C:\WINDOWS\System32\combase.dll
0x00007ffc453a0000 - 0x00007ffc45495000 	C:\WINDOWS\System32\ucrtbase.dll
0x00007ffc45780000 - 0x00007ffc457ea000 	C:\WINDOWS\System32\bcryptPrimitives.dll
0x00007ffc463e0000 - 0x00007ffc4640e000 	C:\WINDOWS\System32\IMM32.DLL
0x0000000075730000 - 0x0000000075802000 	C:\Program Files\Android\Android Studio1\jre\jre\bin\msvcr100.dll
0x0000000075810000 - 0x0000000076044000 	C:\Program Files\Android\Android Studio1\jre\jre\bin\server\jvm.dll
0x00007ffc46b20000 - 0x00007ffc46b28000 	C:\WINDOWS\System32\PSAPI.DLL
0x00007ffc35530000 - 0x00007ffc35539000 	C:\WINDOWS\SYSTEM32\WSOCK32.dll
0x00007ffc48a60000 - 0x00007ffc48aca000 	C:\WINDOWS\System32\WS2_32.dll
0x00007ffc43740000 - 0x00007ffc43763000 	C:\WINDOWS\SYSTEM32\WINMM.dll
0x00007ffc3dd50000 - 0x00007ffc3dd5a000 	C:\WINDOWS\SYSTEM32\VERSION.dll
0x00007ffc43710000 - 0x00007ffc4373b000 	C:\WINDOWS\SYSTEM32\WINMMBASE.dll
0x00007ffc46390000 - 0x00007ffc463d2000 	C:\WINDOWS\System32\cfgmgr32.dll
0x00007ffc427e0000 - 0x00007ffc427ef000 	C:\Program Files\Android\Android Studio1\jre\jre\bin\verify.dll
0x00007ffc40760000 - 0x00007ffc40789000 	C:\Program Files\Android\Android Studio1\jre\jre\bin\java.dll
0x00007ffc427c0000 - 0x00007ffc427d6000 	C:\Program Files\Android\Android Studio1\jre\jre\bin\zip.dll
0x00007ffc47220000 - 0x00007ffc48729000 	C:\WINDOWS\System32\SHELL32.dll
0x00007ffc458a0000 - 0x00007ffc45f7a000 	C:\WINDOWS\System32\windows.storage.dll
0x00007ffc452b0000 - 0x00007ffc452fc000 	C:\WINDOWS\System32\powrprof.dll
0x00007ffc48ad0000 - 0x00007ffc48b22000 	C:\WINDOWS\System32\shlwapi.dll
0x00007ffc45310000 - 0x00007ffc4531f000 	C:\WINDOWS\System32\kernel.appcore.dll
0x00007ffc462e0000 - 0x00007ffc46389000 	C:\WINDOWS\System32\shcore.dll
0x00007ffc45320000 - 0x00007ffc45334000 	C:\WINDOWS\System32\profapi.dll

VM Arguments:
jvm_args: -Djava.awt.headless=true -Xmx1024M -Dfile.encoding=windows-1252 -Duser.country=US -Duser.language=en -Duser.variant 
java_command: com.android.dx.command.Main --dex --force-jumbo --num-threads=4 --multi-dex --output C:\Users\Mac\Documents\GitHub\ftc_app-3113-beta\TeamCode\build\intermediates\transforms\dex\debug\folders\1000\10\intermediates-exploded-aar-RobotCore-release_f596d11a667b0625187f1b2695fe58027c125d3d C:\Users\Mac\Documents\GitHub\ftc_app-3113-beta\TeamCode\build\intermediates\exploded-aar\RobotCore-release\jars\classes.jar
java_class_path (initial): C:\Users\Mac\AppData\Local\Android\sdk1\build-tools\23.0.3\lib\dx.jar
Launcher Type: SUN_STANDARD

Environment Variables:
PATH=C:\ProgramData\Oracle\Java\javapath;C:\Program Files\Common Files\Microsoft Shared\Windows Live;C:\Program Files (x86)\Common Files\Microsoft Shared\Windows Live;C:\Program Files (x86)\NVIDIA Corporation\PhysX\Common;C:\Program Files (x86)\Intel\iCLS Client\;C:\Program Files\Intel\iCLS Client\;C:\WINDOWS\system32;C:\WINDOWS;C:\WINDOWS\System32\Wbem;C:\WINDOWS\System32\WindowsPowerShell\v1.0\;C:\Program Files\Intel\Intel(R) Management Engine Components\DAL;C:\Program Files\Intel\Intel(R) Management Engine Components\IPT;C:\Program Files (x86)\Intel\Intel(R) Management Engine Components\DAL;C:\Program Files (x86)\Intel\Intel(R) Management Engine Components\IPT;C:\Program Files\Intel\WiFi\bin\;C:\Program Files\Common Files\Intel\WirelessCommon\;C:\Program Files\WIDCOMM\Bluetooth Software\;C:\Program Files\WIDCOMM\Bluetooth Software\syswow64;C:\Program Files (x86)\Windows Live\Shared;C:\Go\bin;C:\Users\Mac\.dnx\bin;C:\Program Files\Microsoft DNX\Dnvm\;C:\Ruby22-x64\bin;C:\Program Files\Java\jdk1.8.0_66\bin;C:\Use;C:\Users\Mac\AppData\Local\GitHub\PortableGit_c7e0cbde92ba565cb218a521411d0e854079a28c\cmd;C:\WINDOWS\system32;C:\WINDOWS;C:\WINDOWS\System32\Wbem;C:\WINDOWS\System32\WindowsPowerShell\v1.0\;C:\Ruby22-x64\bin;C:\Program Files\Java\jdk1.8.0_66\bin;C:\Users\Mac\AppData\Local\atom\bin;C:\Users\Mac\AppData\Local\Microsoft\WindowsApps;
USERNAME=Mac
OS=Windows_NT
PROCESSOR_IDENTIFIER=Intel64 Family 6 Model 58 Stepping 9, GenuineIntel



---------------  S Y S T E M  ---------------

OS: Windows 10.0 , 64 bit Build 14393 (10.0.14393.0)

CPU:total 4 (2 cores per cpu, 2 threads per core) family 6 model 58 stepping 9, cmov, cx8, fxsr, mmx, sse, sse2, sse3, ssse3, sse4.1, sse4.2, popcnt, avx, aes, clmul, erms, ht, tsc, tscinvbit, tscinv

Memory: 4k page, physical 6191416k(1646604k free), swap 7239992k(3104k free)

vm_info: OpenJDK 64-Bit Server VM (25.76-b03) for windows-amd64 JRE (1.8.0_76-release-b03), built on Jun 29 2016 19:09:20 by "ralucas" with MS VC++ 10.0 (VS2010)

time: Sun Jan 15 16:03:46 2017
elapsed time: 3 seconds (0d 0h 0m 3s)

