#
# There is insufficient memory for the Java Runtime Environment to continue.
# Native memory allocation (malloc) failed to allocate 260256 bytes for Chunk::new
# Possible reasons:
#   The system is out of physical RAM or swap space
#   In 32 bit mode, the process size limit was hit
# Possible solutions:
#   Reduce memory load on the system
#   Increase physical memory or swap space
#   Check if swap backing store is full
#   Use 64 bit Java on a 64 bit OS
#   Decrease Java heap size (-Xmx/-Xms)
#   Decrease number of Java threads
#   Decrease Java thread stack sizes (-Xss)
#   Set larger code cache with -XX:ReservedCodeCacheSize=
# This output file may be truncated or incomplete.
#
#  Out of Memory Error (allocation.cpp:390), pid=13368, tid=0x000000000000346c
#
# JRE version: OpenJDK Runtime Environment (8.0_76-b03) (build 1.8.0_76-release-b03)
# Java VM: OpenJDK 64-Bit Server VM (25.76-b03 mixed mode windows-amd64 compressed oops)
# Failed to write core dump. Minidumps are not enabled by default on client versions of Windows
#

---------------  T H R E A D  ---------------

Current thread (0x0000000014c3c000):  JavaThread "C2 CompilerThread0" daemon [_thread_in_native, id=13420, stack(0x0000000016290000,0x0000000016390000)]

Stack: [0x0000000016290000,0x0000000016390000]
[error occurred during error reporting (printing stack bounds), id 0xc0000005]

Native frames: (J=compiled Java code, j=interpreted, Vv=VM code, C=native code)


Current CompileTask:
C2:   3925 1777       4       com.android.dx.ssa.back.FirstFitLocalCombiningAllocator$1::processInsn (169 bytes)


---------------  P R O C E S S  ---------------

Java Threads: ( => current thread )
  0x00000000167e6000 JavaThread "pool-2-thread-4" [_thread_blocked, id=13328, stack(0x0000000016f90000,0x0000000017090000)]
  0x00000000167e5800 JavaThread "pool-2-thread-3" [_thread_blocked, id=5584, stack(0x0000000016e90000,0x0000000016f90000)]
  0x0000000016873800 JavaThread "pool-2-thread-2" [_thread_in_Java, id=10820, stack(0x0000000016d90000,0x0000000016e90000)]
  0x00000000167cf800 JavaThread "pool-3-thread-1" [_thread_blocked, id=13020, stack(0x0000000016c90000,0x0000000016d90000)]
  0x00000000167cf000 JavaThread "pool-2-thread-1" [_thread_in_Java, id=4504, stack(0x0000000016b90000,0x0000000016c90000)]
  0x0000000014c9e800 JavaThread "Service Thread" daemon [_thread_blocked, id=10412, stack(0x0000000016990000,0x0000000016a90000)]
  0x0000000014c99800 JavaThread "C1 CompilerThread2" daemon [_thread_blocked, id=2956, stack(0x0000000016490000,0x0000000016590000)]
  0x0000000014c3e800 JavaThread "C2 CompilerThread1" daemon [_thread_in_native, id=1380, stack(0x0000000016390000,0x0000000016490000)]
=>0x0000000014c3c000 JavaThread "C2 CompilerThread0" daemon [_thread_in_native, id=13420, stack(0x0000000016290000,0x0000000016390000)]
  0x0000000014c39800 JavaThread "Attach Listener" daemon [_thread_blocked, id=9896, stack(0x0000000016190000,0x0000000016290000)]
  0x0000000014c39000 JavaThread "Signal Dispatcher" daemon [_thread_blocked, id=3044, stack(0x0000000016090000,0x0000000016190000)]
  0x0000000014c28800 JavaThread "Finalizer" daemon [_thread_blocked, id=6104, stack(0x0000000015ea0000,0x0000000015fa0000)]
  0x0000000002510800 JavaThread "Reference Handler" daemon [_thread_blocked, id=3420, stack(0x0000000015da0000,0x0000000015ea0000)]
  0x000000000078d800 JavaThread "main" [_thread_blocked, id=8824, stack(0x0000000000bc0000,0x0000000000cc0000)]

Other Threads:
  0x0000000014c05000 VMThread [stack: 0x0000000015ca0000,0x0000000015da0000] [id=12984]
  0x0000000016591800 WatcherThread [stack: 0x0000000016a90000,0x0000000016b90000] [id=7920]

VM state:not at safepoint (normal execution)

VM Mutex/Monitor currently owned by a thread: None

Heap:
 PSYoungGen      total 53248K, used 16508K [0x00000000eab00000, 0x00000000f2400000, 0x0000000100000000)
  eden space 49152K, 25% used [0x00000000eab00000,0x00000000eb725d90,0x00000000edb00000)
  from space 4096K, 99% used [0x00000000edb00000,0x00000000edef9338,0x00000000edf00000)
  to   space 12800K, 0% used [0x00000000f1780000,0x00000000f1780000,0x00000000f2400000)
 ParOldGen       total 65536K, used 20375K [0x00000000c0000000, 0x00000000c4000000, 0x00000000eab00000)
  object space 65536K, 31% used [0x00000000c0000000,0x00000000c13e5ff0,0x00000000c4000000)
 Metaspace       used 6362K, capacity 7154K, committed 7296K, reserved 1056768K
  class space    used 598K, capacity 618K, committed 640K, reserved 1048576K

Card table byte_map: [0x0000000011930000,0x0000000011b40000] byte_map_base: 0x0000000011330000

Marking Bits: (ParMarkBitMap*) 0x0000000075fc9d00
 Begin Bits: [0x00000000120a0000, 0x00000000130a0000)
 End Bits:   [0x00000000130a0000, 0x00000000140a0000)

Polling page: 0x0000000000750000

CodeCache: size=245760Kb used=7164Kb max_used=7175Kb free=238595Kb
 bounds [0x0000000002570000, 0x0000000002c80000, 0x0000000011570000]
 total_blobs=2045 nmethods=1776 adapters=182
 compilation: enabled

Compilation events (10 events):
Event: 3.858 Thread 0x0000000014c99800 1823       1       com.android.dx.cf.direct.DirectClassFile$DcfTypeList::isMutable (2 bytes)
Event: 3.858 Thread 0x0000000014c99800 nmethod 1823 0x0000000002c5fe50 code [0x0000000002c5ffa0, 0x0000000002c600b0]
Event: 3.858 Thread 0x0000000014c99800 1825       2       java.util.concurrent.atomic.AtomicInteger::getAndIncrement (12 bytes)
Event: 3.858 Thread 0x0000000014c99800 nmethod 1825 0x0000000002c5fb50 code [0x0000000002c5fca0, 0x0000000002c5fdf0]
Event: 3.871 Thread 0x0000000014c3c000 nmethod 1814 0x0000000002c770d0 code [0x0000000002c772e0, 0x0000000002c78170]
Event: 3.871 Thread 0x0000000014c3c000 1819       4       com.android.dx.util.IntList::mutableCopy (39 bytes)
Event: 3.883 Thread 0x0000000014c3c000 nmethod 1819 0x0000000002c5f090 code [0x0000000002c5f200, 0x0000000002c5f7b8]
Event: 3.883 Thread 0x0000000014c3c000 1785       4       com.android.dx.rop.code.PlainInsn::withNewRegisters (18 bytes)
Event: 3.885 Thread 0x0000000014c3c000 nmethod 1785 0x0000000002c5ead0 code [0x0000000002c5ec20, 0x0000000002c5edd8]
Event: 3.885 Thread 0x0000000014c3c000 1777       4       com.android.dx.ssa.back.FirstFitLocalCombiningAllocator$1::processInsn (169 bytes)

GC Heap History (10 events):
Event: 2.104 GC heap before
{Heap before GC invocations=1 (full 0):
 PSYoungGen      total 28672K, used 24576K [0x00000000eab00000, 0x00000000ecb00000, 0x0000000100000000)
  eden space 24576K, 100% used [0x00000000eab00000,0x00000000ec300000,0x00000000ec300000)
  from space 4096K, 0% used [0x00000000ec700000,0x00000000ec700000,0x00000000ecb00000)
  to   space 4096K, 0% used [0x00000000ec300000,0x00000000ec300000,0x00000000ec700000)
 ParOldGen       total 65536K, used 0K [0x00000000c0000000, 0x00000000c4000000, 0x00000000eab00000)
  object space 65536K, 0% used [0x00000000c0000000,0x00000000c0000000,0x00000000c4000000)
 Metaspace       used 5856K, capacity 6832K, committed 7040K, reserved 1056768K
  class space    used 579K, capacity 616K, committed 640K, reserved 1048576K
Event: 2.116 GC heap after
Heap after GC invocations=1 (full 0):
 PSYoungGen      total 28672K, used 4078K [0x00000000eab00000, 0x00000000ecb00000, 0x0000000100000000)
  eden space 24576K, 0% used [0x00000000eab00000,0x00000000eab00000,0x00000000ec300000)
  from space 4096K, 99% used [0x00000000ec300000,0x00000000ec6fb840,0x00000000ec700000)
  to   space 4096K, 0% used [0x00000000ec700000,0x00000000ec700000,0x00000000ecb00000)
 ParOldGen       total 65536K, used 1174K [0x00000000c0000000, 0x00000000c4000000, 0x00000000eab00000)
  object space 65536K, 1% used [0x00000000c0000000,0x00000000c0125818,0x00000000c4000000)
 Metaspace       used 5856K, capacity 6832K, committed 7040K, reserved 1056768K
  class space    used 579K, capacity 616K, committed 640K, reserved 1048576K
}
Event: 2.550 GC heap before
{Heap before GC invocations=2 (full 0):
 PSYoungGen      total 28672K, used 28654K [0x00000000eab00000, 0x00000000ecb00000, 0x0000000100000000)
  eden space 24576K, 100% used [0x00000000eab00000,0x00000000ec300000,0x00000000ec300000)
  from space 4096K, 99% used [0x00000000ec300000,0x00000000ec6fb840,0x00000000ec700000)
  to   space 4096K, 0% used [0x00000000ec700000,0x00000000ec700000,0x00000000ecb00000)
 ParOldGen       total 65536K, used 1174K [0x00000000c0000000, 0x00000000c4000000, 0x00000000eab00000)
  object space 65536K, 1% used [0x00000000c0000000,0x00000000c0125818,0x00000000c4000000)
 Metaspace       used 6076K, capacity 7024K, committed 7296K, reserved 1056768K
  class space    used 579K, capacity 616K, committed 640K, reserved 1048576K
Event: 2.574 GC heap after
Heap after GC invocations=2 (full 0):
 PSYoungGen      total 28672K, used 4088K [0x00000000eab00000, 0x00000000ee300000, 0x0000000100000000)
  eden space 24576K, 0% used [0x00000000eab00000,0x00000000eab00000,0x00000000ec300000)
  from space 4096K, 99% used [0x00000000ec700000,0x00000000ecafe3d8,0x00000000ecb00000)
  to   space 4096K, 0% used [0x00000000ec300000,0x00000000ec300000,0x00000000ec700000)
 ParOldGen       total 65536K, used 3949K [0x00000000c0000000, 0x00000000c4000000, 0x00000000eab00000)
  object space 65536K, 6% used [0x00000000c0000000,0x00000000c03db5d8,0x00000000c4000000)
 Metaspace       used 6076K, capacity 7024K, committed 7296K, reserved 1056768K
  class space    used 579K, capacity 616K, committed 640K, reserved 1048576K
}
Event: 2.813 GC heap before
{Heap before GC invocations=3 (full 0):
 PSYoungGen      total 28672K, used 28664K [0x00000000eab00000, 0x00000000ee300000, 0x0000000100000000)
  eden space 24576K, 100% used [0x00000000eab00000,0x00000000ec300000,0x00000000ec300000)
  from space 4096K, 99% used [0x00000000ec700000,0x00000000ecafe3d8,0x00000000ecb00000)
  to   space 4096K, 0% used [0x00000000ec300000,0x00000000ec300000,0x00000000ec700000)
 ParOldGen       total 65536K, used 3949K [0x00000000c0000000, 0x00000000c4000000, 0x00000000eab00000)
  object space 65536K, 6% used [0x00000000c0000000,0x00000000c03db5d8,0x00000000c4000000)
 Metaspace       used 6165K, capacity 7088K, committed 7296K, reserved 1056768K
  class space    used 579K, capacity 616K, committed 640K, reserved 1048576K
Event: 2.849 GC heap after
Heap after GC invocations=3 (full 0):
 PSYoungGen      total 28672K, used 4068K [0x00000000eab00000, 0x00000000ee300000, 0x0000000100000000)
  eden space 24576K, 0% used [0x00000000eab00000,0x00000000eab00000,0x00000000ec300000)
  from space 4096K, 99% used [0x00000000ec300000,0x00000000ec6f9108,0x00000000ec700000)
  to   space 4096K, 0% used [0x00000000edf00000,0x00000000edf00000,0x00000000ee300000)
 ParOldGen       total 65536K, used 8261K [0x00000000c0000000, 0x00000000c4000000, 0x00000000eab00000)
  object space 65536K, 12% used [0x00000000c0000000,0x00000000c0811508,0x00000000c4000000)
 Metaspace       used 6165K, capacity 7088K, committed 7296K, reserved 1056768K
  class space    used 579K, capacity 616K, committed 640K, reserved 1048576K
}
Event: 3.072 GC heap before
{Heap before GC invocations=4 (full 0):
 PSYoungGen      total 28672K, used 28644K [0x00000000eab00000, 0x00000000ee300000, 0x0000000100000000)
  eden space 24576K, 100% used [0x00000000eab00000,0x00000000ec300000,0x00000000ec300000)
  from space 4096K, 99% used [0x00000000ec300000,0x00000000ec6f9108,0x00000000ec700000)
  to   space 4096K, 0% used [0x00000000edf00000,0x00000000edf00000,0x00000000ee300000)
 ParOldGen       total 65536K, used 8261K [0x00000000c0000000, 0x00000000c4000000, 0x00000000eab00000)
  object space 65536K, 12% used [0x00000000c0000000,0x00000000c0811508,0x00000000c4000000)
 Metaspace       used 6317K, capacity 7154K, committed 7296K, reserved 1056768K
  class space    used 598K, capacity 618K, committed 640K, reserved 1048576K
Event: 3.099 GC heap after
Heap after GC invocations=4 (full 0):
 PSYoungGen      total 53248K, used 4071K [0x00000000eab00000, 0x00000000ee300000, 0x0000000100000000)
  eden space 49152K, 0% used [0x00000000eab00000,0x00000000eab00000,0x00000000edb00000)
  from space 4096K, 99% used [0x00000000edf00000,0x00000000ee2f9cb0,0x00000000ee300000)
  to   space 4096K, 0% used [0x00000000edb00000,0x00000000edb00000,0x00000000edf00000)
 ParOldGen       total 65536K, used 12722K [0x00000000c0000000, 0x00000000c4000000, 0x00000000eab00000)
  object space 65536K, 19% used [0x00000000c0000000,0x00000000c0c6c808,0x00000000c4000000)
 Metaspace       used 6317K, capacity 7154K, committed 7296K, reserved 1056768K
  class space    used 598K, capacity 618K, committed 640K, reserved 1048576K
}
Event: 3.732 GC heap before
{Heap before GC invocations=5 (full 0):
 PSYoungGen      total 53248K, used 53223K [0x00000000eab00000, 0x00000000ee300000, 0x0000000100000000)
  eden space 49152K, 100% used [0x00000000eab00000,0x00000000edb00000,0x00000000edb00000)
  from space 4096K, 99% used [0x00000000edf00000,0x00000000ee2f9cb0,0x00000000ee300000)
  to   space 4096K, 0% used [0x00000000edb00000,0x00000000edb00000,0x00000000edf00000)
 ParOldGen       total 65536K, used 12722K [0x00000000c0000000, 0x00000000c4000000, 0x00000000eab00000)
  object space 65536K, 19% used [0x00000000c0000000,0x00000000c0c6c808,0x00000000c4000000)
 Metaspace       used 6359K, capacity 7154K, committed 7296K, reserved 1056768K
  class space    used 598K, capacity 618K, committed 640K, reserved 1048576K
Event: 3.790 GC heap after
Heap after GC invocations=5 (full 0):
 PSYoungGen      total 53248K, used 4068K [0x00000000eab00000, 0x00000000f2400000, 0x0000000100000000)
  eden space 49152K, 0% used [0x00000000eab00000,0x00000000eab00000,0x00000000edb00000)
  from space 4096K, 99% used [0x00000000edb00000,0x00000000edef9338,0x00000000edf00000)
  to   space 12800K, 0% used [0x00000000f1780000,0x00000000f1780000,0x00000000f2400000)
 ParOldGen       total 65536K, used 20375K [0x00000000c0000000, 0x00000000c4000000, 0x00000000eab00000)
  object space 65536K, 31% used [0x00000000c0000000,0x00000000c13e5ff0,0x00000000c4000000)
 Metaspace       used 6359K, capacity 7154K, committed 7296K, reserved 1056768K
  class space    used 598K, capacity 618K, committed 640K, reserved 1048576K
}

Deoptimization events (10 events):
Event: 2.608 Thread 0x00000000167e5800 Uncommon trap: reason=unstable_if action=reinterpret pc=0x0000000002aec2a0 method=com.android.dx.ssa.SCCP.simulateStmt(Lcom/android/dx/ssa/SsaInsn;)V @ 53
Event: 2.613 Thread 0x00000000167cf000 Uncommon trap: reason=class_check action=maybe_recompile pc=0x00000000028b3500 method=java.util.HashMap.putVal(ILjava/lang/Object;Ljava/lang/Object;ZZ)Ljava/lang/Object; @ 203
Event: 2.975 Thread 0x000000000078d800 Uncommon trap: reason=unstable_if action=reinterpret pc=0x0000000002b85954 method=com.android.dx.ssa.SCCP.simulateBranch(Lcom/android/dx/ssa/SsaInsn;)V @ 64
Event: 3.044 Thread 0x00000000167e5800 Uncommon trap: reason=unstable_if action=reinterpret pc=0x00000000028da524 method=java.util.HashMap.putVal(ILjava/lang/Object;Ljava/lang/Object;ZZ)Ljava/lang/Object; @ 162
Event: 3.052 Thread 0x00000000167e5800 Uncommon trap: reason=unstable_if action=reinterpret pc=0x0000000002798d90 method=java.util.HashMap.getNode(ILjava/lang/Object;)Ljava/util/HashMap$Node; @ 84
Event: 3.171 Thread 0x00000000167e6000 Uncommon trap: reason=unstable_if action=reinterpret pc=0x0000000002bc3a58 method=com.android.dx.cf.code.BytecodeArray.parseInstruction(ILcom/android/dx/cf/code/BytecodeArray$Visitor;)I @ 1198
Event: 3.203 Thread 0x00000000167e5800 Uncommon trap: reason=bimorphic action=maybe_recompile pc=0x0000000002bf1de4 method=com.android.dx.rop.code.RegisterSpec.withSimpleType()Lcom/android/dx/rop/code/RegisterSpec; @ 21
Event: 3.537 Thread 0x00000000167e6000 Uncommon trap: reason=unstable_if action=reinterpret pc=0x0000000002b3fe88 method=java.util.HashMap.putVal(ILjava/lang/Object;Ljava/lang/Object;ZZ)Ljava/lang/Object; @ 94
Event: 3.546 Thread 0x00000000167e5800 Uncommon trap: reason=unstable_if action=reinterpret pc=0x0000000002bf0f44 method=com.android.dx.rop.code.RegisterSpec.equals(ILcom/android/dx/rop/type/TypeBearer;Lcom/android/dx/rop/code/LocalItem;)Z @ 42
Event: 3.603 Thread 0x00000000167e5800 Uncommon trap: reason=unstable_if action=reinterpret pc=0x0000000002982d70 method=com.android.dx.dex.code.OutputFinisher.hasLocalInfo(Lcom/android/dx/dex/code/DalvInsn;)Z @ 24

Internal exceptions (5 events):
Event: 0.392 Thread 0x000000000078d800 Exception <a 'java/lang/NoSuchMethodError': Method sun.misc.Unsafe.defineClass(Ljava/lang/String;[BII)Ljava/lang/Class; name or signature does not match> (0x00000000eab07cc0) thrown at [C:\src\android\AOSP-openjdk\external\jetbrains\jdk\hotspot\src\share\vÉys>ˆÙ?
Event: 0.392 Thread 0x000000000078d800 Exception <a 'java/lang/NoSuchMethodError': Method sun.misc.Unsafe.prefetchRead(Ljava/lang/Object;J)V name or signature does not match> (0x00000000eab07fa8) thrown at [C:\src\android\AOSP-openjdk\external\jetbrains\jdk\hotspot\src\share\vm\prims\jni.cpp, l‹v÷_^@
Event: 3.046 Thread 0x00000000167e5800 Exception <a 'java/lang/ArrayIndexOutOfBoundsException': 18> (0x00000000ebd03fb0) thrown at [C:\src\android\AOSP-openjdk\external\jetbrains\jdk\hotspot\src\share\vm\interpreter\interpreterRuntime.cpp, line 366]
Event: 3.048 Thread 0x00000000167e5800 Exception <a 'java/lang/ArrayIndexOutOfBoundsException': 145> (0x00000000ebd05b30) thrown at [C:\src\android\AOSP-openjdk\external\jetbrains\jdk\hotspot\src\share\vm\interpreter\interpreterRuntime.cpp, line 366]
Event: 3.049 Thread 0x00000000167e5800 Exception <a 'java/lang/ArrayIndexOutOfBoundsException'> (0x00000000ebd06e18) thrown at [C:\src\android\AOSP-openjdk\external\jetbrains\jdk\hotspot\src\share\vm\runtime\sharedRuntime.cpp, line 605]

Events (10 events):
Event: 3.537 Thread 0x00000000167e6000 DEOPT PACKING pc=0x0000000002b3fe88 sp=0x000000001708ea30
Event: 3.537 Thread 0x00000000167e6000 DEOPT UNPACKING pc=0x00000000025b556a sp=0x000000001708e9b0 mode 2
Event: 3.546 Thread 0x00000000167e5800 Uncommon trap: trap_request=0xffffff65 fr.pc=0x0000000002bf0f44
Event: 3.546 Thread 0x00000000167e5800 DEOPT PACKING pc=0x0000000002bf0f44 sp=0x0000000016f8e910
Event: 3.546 Thread 0x00000000167e5800 DEOPT UNPACKING pc=0x00000000025b556a sp=0x0000000016f8e828 mode 2
Event: 3.603 Thread 0x00000000167e5800 Uncommon trap: trap_request=0xffffff65 fr.pc=0x0000000002982d70
Event: 3.603 Thread 0x00000000167e5800 DEOPT PACKING pc=0x0000000002982d70 sp=0x0000000016f8e980
Event: 3.603 Thread 0x00000000167e5800 DEOPT UNPACKING pc=0x00000000025b556a sp=0x0000000016f8e898 mode 2
Event: 3.640 Executing VM operation: ParallelGCFailedAllocation
Event: 3.790 Executing VM operation: ParallelGCFailedAllocation done


Dynamic libraries:
0x00007ff7fd840000 - 0x00007ff7fd871000 	C:\Program Files\Android\Android Studio1\jre\bin\java.exe
0x00007ffc48e70000 - 0x00007ffc49041000 	C:\WINDOWS\SYSTEM32\ntdll.dll
0x00007ffc48c80000 - 0x00007ffc48d2b000 	C:\WINDOWS\System32\KERNEL32.DLL
0x00007ffc45560000 - 0x00007ffc4577d000 	C:\WINDOWS\System32\KERNELBASE.dll
0x00007ffc46a70000 - 0x00007ffc46b12000 	C:\WINDOWS\System32\ADVAPI32.dll
0x00007ffc469d0000 - 0x00007ffc46a6e000 	C:\WINDOWS\System32\msvcrt.dll
0x00007ffc46f60000 - 0x00007ffc46fb9000 	C:\WINDOWS\System32\sechost.dll
0x00007ffc48d40000 - 0x00007ffc48e61000 	C:\WINDOWS\System32\RPCRT4.dll
0x00007ffc48750000 - 0x00007ffc488b5000 	C:\WINDOWS\System32\USER32.dll
0x00007ffc45540000 - 0x00007ffc4555e000 	C:\WINDOWS\System32\win32u.dll
0x00007ffc47120000 - 0x00007ffc47154000 	C:\WINDOWS\System32\GDI32.dll
0x00007ffc46150000 - 0x00007ffc462d2000 	C:\WINDOWS\System32\gdi32full.dll
0x00007ffc3d3e0000 - 0x00007ffc3d659000 	C:\WINDOWS\WinSxS\amd64_microsoft.windows.common-controls_6595b64144ccf1df_6.0.14393.447_none_42191651c6827bb3\COMCTL32.dll
0x00007ffc46470000 - 0x00007ffc46738000 	C:\WINDOWS\System32\combase.dll
0x00007ffc453a0000 - 0x00007ffc45495000 	C:\WINDOWS\System32\ucrtbase.dll
0x00007ffc45780000 - 0x00007ffc457ea000 	C:\WINDOWS\System32\bcryptPrimitives.dll
0x00007ffc463e0000 - 0x00007ffc4640e000 	C:\WINDOWS\System32\IMM32.DLL
0x0000000075730000 - 0x0000000075802000 	C:\Program Files\Android\Android Studio1\jre\jre\bin\msvcr100.dll
0x0000000075810000 - 0x0000000076044000 	C:\Program Files\Android\Android Studio1\jre\jre\bin\server\jvm.dll
0x00007ffc46b20000 - 0x00007ffc46b28000 	C:\WINDOWS\System32\PSAPI.DLL
0x00007ffc35530000 - 0x00007ffc35539000 	C:\WINDOWS\SYSTEM32\WSOCK32.dll
0x00007ffc48a60000 - 0x00007ffc48aca000 	C:\WINDOWS\System32\WS2_32.dll
0x00007ffc43740000 - 0x00007ffc43763000 	C:\WINDOWS\SYSTEM32\WINMM.dll
0x00007ffc3dd50000 - 0x00007ffc3dd5a000 	C:\WINDOWS\SYSTEM32\VERSION.dll
0x00007ffc43710000 - 0x00007ffc4373b000 	C:\WINDOWS\SYSTEM32\WINMMBASE.dll
0x00007ffc46390000 - 0x00007ffc463d2000 	C:\WINDOWS\System32\cfgmgr32.dll
0x00007ffc427e0000 - 0x00007ffc427ef000 	C:\Program Files\Android\Android Studio1\jre\jre\bin\verify.dll
0x00007ffc40760000 - 0x00007ffc40789000 	C:\Program Files\Android\Android Studio1\jre\jre\bin\java.dll
0x00007ffc427c0000 - 0x00007ffc427d6000 	C:\Program Files\Android\Android Studio1\jre\jre\bin\zip.dll
0x00007ffc47220000 - 0x00007ffc48729000 	C:\WINDOWS\System32\SHELL32.dll
0x00007ffc458a0000 - 0x00007ffc45f7a000 	C:\WINDOWS\System32\windows.storage.dll
0x00007ffc452b0000 - 0x00007ffc452fc000 	C:\WINDOWS\System32\powrprof.dll
0x00007ffc48ad0000 - 0x00007ffc48b22000 	C:\WINDOWS\System32\shlwapi.dll
0x00007ffc45310000 - 0x00007ffc4531f000 	C:\WINDOWS\System32\kernel.appcore.dll
0x00007ffc462e0000 - 0x00007ffc46389000 	C:\WINDOWS\System32\shcore.dll
0x00007ffc45320000 - 0x00007ffc45334000 	C:\WINDOWS\System32\profapi.dll

VM Arguments:
jvm_args: -Djava.awt.headless=true -Xmx1024M -Dfile.encoding=windows-1252 -Duser.country=US -Duser.language=en -Duser.variant 
java_command: com.android.dx.command.Main --dex --force-jumbo --num-threads=4 --multi-dex --output C:\Users\Mac\Documents\GitHub\ftc_app-3113-beta\TeamCode\build\intermediates\transforms\dex\debug\folders\1000\10\intermediates-exploded-aar-RobotCore-release_f596d11a667b0625187f1b2695fe58027c125d3d C:\Users\Mac\Documents\GitHub\ftc_app-3113-beta\TeamCode\build\intermediates\exploded-aar\RobotCore-release\jars\classes.jar
java_class_path (initial): C:\Users\Mac\AppData\Local\Android\sdk1\build-tools\23.0.3\lib\dx.jar
Launcher Type: SUN_STANDARD

Environment Variables:
PATH=C:\ProgramData\Oracle\Java\javapath;C:\Program Files\Common Files\Microsoft Shared\Windows Live;C:\Program Files (x86)\Common Files\Microsoft Shared\Windows Live;C:\Program Files (x86)\NVIDIA Corporation\PhysX\Common;C:\Program Files (x86)\Intel\iCLS Client\;C:\Program Files\Intel\iCLS Client\;C:\WINDOWS\system32;C:\WINDOWS;C:\WINDOWS\System32\Wbem;C:\WINDOWS\System32\WindowsPowerShell\v1.0\;C:\Program Files\Intel\Intel(R) Management Engine Components\DAL;C:\Program Files\Intel\Intel(R) Management Engine Components\IPT;C:\Program Files (x86)\Intel\Intel(R) Management Engine Components\DAL;C:\Program Files (x86)\Intel\Intel(R) Management Engine Components\IPT;C:\Program Files\Intel\WiFi\bin\;C:\Program Files\Common Files\Intel\WirelessCommon\;C:\Program Files\WIDCOMM\Bluetooth Software\;C:\Program Files\WIDCOMM\Bluetooth Software\syswow64;C:\Program Files (x86)\Windows Live\Shared;C:\Go\bin;C:\Users\Mac\.dnx\bin;C:\Program Files\Microsoft DNX\Dnvm\;C:\Ruby22-x64\bin;C:\Program Files\Java\jdk1.8.0_66\bin;C:\Use;C:\Users\Mac\AppData\Local\GitHub\PortableGit_c7e0cbde92ba565cb218a521411d0e854079a28c\cmd;C:\WINDOWS\system32;C:\WINDOWS;C:\WINDOWS\System32\Wbem;C:\WINDOWS\System32\WindowsPowerShell\v1.0\;C:\Ruby22-x64\bin;C:\Program Files\Java\jdk1.8.0_66\bin;C:\Users\Mac\AppData\Local\atom\bin;C:\Users\Mac\AppData\Local\Microsoft\WindowsApps;
USERNAME=Mac
OS=Windows_NT
PROCESSOR_IDENTIFIER=Intel64 Family 6 Model 58 Stepping 9, GenuineIntel



---------------  S Y S T E M  ---------------

OS: Windows 10.0 , 64 bit Build 14393 (10.0.14393.0)

CPU:total 4 (2 cores per cpu, 2 threads per core) family 6 model 58 stepping 9, cmov, cx8, fxsr, mmx, sse, sse2, sse3, ssse3, sse4.1, sse4.2, popcnt, avx, aes, clmul, erms, ht, tsc, tscinvbit, tscinv

Memory: 4k page, physical 6191416k(1553424k free), swap 7239992k(5316k free)

vm_info: OpenJDK 64-Bit Server VM (25.76-b03) for windows-amd64 JRE (1.8.0_76-release-b03), built on Jun 29 2016 19:09:20 by "ralucas" with MS VC++ 10.0 (VS2010)

time: Sun Jan 15 16:10:54 2017
elapsed time: 3 seconds (0d 0h 0m 3s)

