#
# There is insufficient memory for the Java Runtime Environment to continue.
# Native memory allocation (malloc) failed to allocate 562816 bytes for Chunk::new
# Possible reasons:
#   The system is out of physical RAM or swap space
#   In 32 bit mode, the process size limit was hit
# Possible solutions:
#   Reduce memory load on the system
#   Increase physical memory or swap space
#   Check if swap backing store is full
#   Use 64 bit Java on a 64 bit OS
#   Decrease Java heap size (-Xmx/-Xms)
#   Decrease number of Java threads
#   Decrease Java thread stack sizes (-Xss)
#   Set larger code cache with -XX:ReservedCodeCacheSize=
# This output file may be truncated or incomplete.
#
#  Out of Memory Error (allocation.cpp:390), pid=5480, tid=0x0000000000000b20
#
# JRE version: OpenJDK Runtime Environment (8.0_76-b03) (build 1.8.0_76-release-b03)
# Java VM: OpenJDK 64-Bit Server VM (25.76-b03 mixed mode windows-amd64 compressed oops)
# Failed to write core dump. Minidumps are not enabled by default on client versions of Windows
#

---------------  T H R E A D  ---------------

Current thread (0x0000000014a5e800):  JavaThread "C2 CompilerThread1" daemon [_thread_in_native, id=2848, stack(0x00000000160b0000,0x00000000161b0000)]

Stack: [0x00000000160b0000,0x00000000161b0000]
[error occurred during error reporting (printing stack bounds), id 0xc0000005]

Native frames: (J=compiled Java code, j=interpreted, Vv=VM code, C=native code)


Current CompileTask:
C2:   7044 1426   !   4       com.android.dx.cf.code.RopperMachine::run (1550 bytes)


---------------  P R O C E S S  ---------------

Java Threads: ( => current thread )
  0x00000000163ae000 JavaThread "pool-2-thread-4" [_thread_blocked, id=13908, stack(0x0000000016cb0000,0x0000000016db0000)]
  0x0000000016309800 JavaThread "pool-2-thread-3" [_thread_blocked, id=5700, stack(0x0000000016bb0000,0x0000000016cb0000)]
  0x0000000016300800 JavaThread "pool-2-thread-2" [_thread_in_Java, id=9224, stack(0x0000000016ab0000,0x0000000016bb0000)]
  0x00000000162fd000 JavaThread "pool-3-thread-1" [_thread_blocked, id=9380, stack(0x00000000169b0000,0x0000000016ab0000)]
  0x00000000162f6800 JavaThread "pool-2-thread-1" [_thread_blocked, id=9092, stack(0x00000000168b0000,0x00000000169b0000)]
  0x0000000014abe800 JavaThread "Service Thread" daemon [_thread_blocked, id=13248, stack(0x00000000166b0000,0x00000000167b0000)]
  0x00000000161b8800 JavaThread "C1 CompilerThread2" daemon [_thread_blocked, id=4284, stack(0x00000000165b0000,0x00000000166b0000)]
=>0x0000000014a5e800 JavaThread "C2 CompilerThread1" daemon [_thread_in_native, id=2848, stack(0x00000000160b0000,0x00000000161b0000)]
  0x0000000014a5c000 JavaThread "C2 CompilerThread0" daemon [_thread_in_native, id=12736, stack(0x0000000015fb0000,0x00000000160b0000)]
  0x0000000014a5a000 JavaThread "Attach Listener" daemon [_thread_blocked, id=13092, stack(0x0000000015eb0000,0x0000000015fb0000)]
  0x000000000238e800 JavaThread "Signal Dispatcher" daemon [_thread_blocked, id=7532, stack(0x0000000015db0000,0x0000000015eb0000)]
  0x0000000014a48800 JavaThread "Finalizer" daemon [_thread_blocked, id=5748, stack(0x0000000015cb0000,0x0000000015db0000)]
  0x0000000002380800 JavaThread "Reference Handler" daemon [_thread_blocked, id=204, stack(0x0000000015bb0000,0x0000000015cb0000)]
  0x000000000228d800 JavaThread "main" [_thread_blocked, id=8788, stack(0x0000000001f40000,0x0000000002040000)]

Other Threads:
  0x0000000014a25000 VMThread [stack: 0x0000000015ab0000,0x0000000015bb0000] [id=5768]
  0x00000000161bd000 WatcherThread [stack: 0x00000000167b0000,0x00000000168b0000] [id=10676]

VM state:not at safepoint (normal execution)

VM Mutex/Monitor currently owned by a thread: None

Heap:
 PSYoungGen      total 28672K, used 14047K [0x00000000eab00000, 0x00000000ee300000, 0x0000000100000000)
  eden space 24576K, 40% used [0x00000000eab00000,0x00000000eb4bfee0,0x00000000ec300000)
  from space 4096K, 99% used [0x00000000ec300000,0x00000000ec6f8010,0x00000000ec700000)
  to   space 4096K, 0% used [0x00000000edf00000,0x00000000edf00000,0x00000000ee300000)
 ParOldGen       total 65536K, used 7573K [0x00000000c0000000, 0x00000000c4000000, 0x00000000eab00000)
  object space 65536K, 11% used [0x00000000c0000000,0x00000000c0765768,0x00000000c4000000)
 Metaspace       used 5860K, capacity 6960K, committed 7040K, reserved 1056768K
  class space    used 559K, capacity 616K, committed 640K, reserved 1048576K

Card table byte_map: [0x0000000011750000,0x0000000011960000] byte_map_base: 0x0000000011150000

Marking Bits: (ParMarkBitMap*) 0x0000000075fc9d00
 Begin Bits: [0x0000000011ec0000, 0x0000000012ec0000)
 End Bits:   [0x0000000012ec0000, 0x0000000013ec0000)

Polling page: 0x0000000000520000

CodeCache: size=245760Kb used=6255Kb max_used=6255Kb free=239504Kb
 bounds [0x0000000002390000, 0x00000000029c0000, 0x0000000011390000]
 total_blobs=1739 nmethods=1478 adapters=175
 compilation: enabled

Compilation events (10 events):
Event: 7.022 Thread 0x00000000161b8800 1498       2       com.android.dx.dex.file.ValueEncoder::addContents (75 bytes)
Event: 7.023 Thread 0x00000000161b8800 nmethod 1498 0x0000000002999b10 code [0x0000000002999cc0, 0x000000000299a068]
Event: 7.026 Thread 0x00000000161b8800 1499       2       java.util.Arrays$LegacyMergeSort::access$000 (4 bytes)
Event: 7.026 Thread 0x00000000161b8800 nmethod 1499 0x0000000002999810 code [0x0000000002999960, 0x0000000002999a90]
Event: 7.026 Thread 0x00000000161b8800 1500       2       java.util.TimSort::sort (229 bytes)
Event: 7.027 Thread 0x00000000161b8800 nmethod 1500 0x0000000002998cd0 code [0x0000000002998ea0, 0x0000000002999358]
Event: 7.029 Thread 0x00000000161b8800 1501       2       com.android.dx.cf.code.BytecodeArray::parseLookupswitch (175 bytes)
Event: 7.030 Thread 0x00000000161b8800 nmethod 1501 0x00000000029af3d0 code [0x00000000029af600, 0x00000000029afda8]
Event: 7.030 Thread 0x00000000161b8800 1502       2       com.android.dx.rop.code.Rops::opAget (97 bytes)
Event: 7.031 Thread 0x00000000161b8800 nmethod 1502 0x00000000029b0750 code [0x00000000029b0920, 0x00000000029b0e98]

GC Heap History (6 events):
Event: 4.467 GC heap before
{Heap before GC invocations=1 (full 0):
 PSYoungGen      total 28672K, used 24576K [0x00000000eab00000, 0x00000000ecb00000, 0x0000000100000000)
  eden space 24576K, 100% used [0x00000000eab00000,0x00000000ec300000,0x00000000ec300000)
  from space 4096K, 0% used [0x00000000ec700000,0x00000000ec700000,0x00000000ecb00000)
  to   space 4096K, 0% used [0x00000000ec300000,0x00000000ec300000,0x00000000ec700000)
 ParOldGen       total 65536K, used 0K [0x00000000c0000000, 0x00000000c4000000, 0x00000000eab00000)
  object space 65536K, 0% used [0x00000000c0000000,0x00000000c0000000,0x00000000c4000000)
 Metaspace       used 5657K, capacity 6832K, committed 7040K, reserved 1056768K
  class space    used 556K, capacity 616K, committed 640K, reserved 1048576K
Event: 4.633 GC heap after
Heap after GC invocations=1 (full 0):
 PSYoungGen      total 28672K, used 4064K [0x00000000eab00000, 0x00000000ecb00000, 0x0000000100000000)
  eden space 24576K, 0% used [0x00000000eab00000,0x00000000eab00000,0x00000000ec300000)
  from space 4096K, 99% used [0x00000000ec300000,0x00000000ec6f8018,0x00000000ec700000)
  to   space 4096K, 0% used [0x00000000ec700000,0x00000000ec700000,0x00000000ecb00000)
 ParOldGen       total 65536K, used 1267K [0x00000000c0000000, 0x00000000c4000000, 0x00000000eab00000)
  object space 65536K, 1% used [0x00000000c0000000,0x00000000c013cf80,0x00000000c4000000)
 Metaspace       used 5657K, capacity 6832K, committed 7040K, reserved 1056768K
  class space    used 556K, capacity 616K, committed 640K, reserved 1048576K
}
Event: 6.062 GC heap before
{Heap before GC invocations=2 (full 0):
 PSYoungGen      total 28672K, used 28640K [0x00000000eab00000, 0x00000000ecb00000, 0x0000000100000000)
  eden space 24576K, 100% used [0x00000000eab00000,0x00000000ec300000,0x00000000ec300000)
  from space 4096K, 99% used [0x00000000ec300000,0x00000000ec6f8018,0x00000000ec700000)
  to   space 4096K, 0% used [0x00000000ec700000,0x00000000ec700000,0x00000000ecb00000)
 ParOldGen       total 65536K, used 1267K [0x00000000c0000000, 0x00000000c4000000, 0x00000000eab00000)
  object space 65536K, 1% used [0x00000000c0000000,0x00000000c013cf80,0x00000000c4000000)
 Metaspace       used 5800K, capacity 6960K, committed 7040K, reserved 1056768K
  class space    used 559K, capacity 616K, committed 640K, reserved 1048576K
Event: 6.199 GC heap after
Heap after GC invocations=2 (full 0):
 PSYoungGen      total 28672K, used 4064K [0x00000000eab00000, 0x00000000ee300000, 0x0000000100000000)
  eden space 24576K, 0% used [0x00000000eab00000,0x00000000eab00000,0x00000000ec300000)
  from space 4096K, 99% used [0x00000000ec700000,0x00000000ecaf8048,0x00000000ecb00000)
  to   space 4096K, 0% used [0x00000000ec300000,0x00000000ec300000,0x00000000ec700000)
 ParOldGen       total 65536K, used 3777K [0x00000000c0000000, 0x00000000c4000000, 0x00000000eab00000)
  object space 65536K, 5% used [0x00000000c0000000,0x00000000c03b0778,0x00000000c4000000)
 Metaspace       used 5800K, capacity 6960K, committed 7040K, reserved 1056768K
  class space    used 559K, capacity 616K, committed 640K, reserved 1048576K
}
Event: 6.788 GC heap before
{Heap before GC invocations=3 (full 0):
 PSYoungGen      total 28672K, used 28640K [0x00000000eab00000, 0x00000000ee300000, 0x0000000100000000)
  eden space 24576K, 100% used [0x00000000eab00000,0x00000000ec300000,0x00000000ec300000)
  from space 4096K, 99% used [0x00000000ec700000,0x00000000ecaf8048,0x00000000ecb00000)
  to   space 4096K, 0% used [0x00000000ec300000,0x00000000ec300000,0x00000000ec700000)
 ParOldGen       total 65536K, used 3777K [0x00000000c0000000, 0x00000000c4000000, 0x00000000eab00000)
  object space 65536K, 5% used [0x00000000c0000000,0x00000000c03b0778,0x00000000c4000000)
 Metaspace       used 5837K, capacity 6960K, committed 7040K, reserved 1056768K
  class space    used 559K, capacity 616K, committed 640K, reserved 1048576K
Event: 6.929 GC heap after
Heap after GC invocations=3 (full 0):
 PSYoungGen      total 28672K, used 4064K [0x00000000eab00000, 0x00000000ee300000, 0x0000000100000000)
  eden space 24576K, 0% used [0x00000000eab00000,0x00000000eab00000,0x00000000ec300000)
  from space 4096K, 99% used [0x00000000ec300000,0x00000000ec6f8010,0x00000000ec700000)
  to   space 4096K, 0% used [0x00000000edf00000,0x00000000edf00000,0x00000000ee300000)
 ParOldGen       total 65536K, used 7573K [0x00000000c0000000, 0x00000000c4000000, 0x00000000eab00000)
  object space 65536K, 11% used [0x00000000c0000000,0x00000000c0765768,0x00000000c4000000)
 Metaspace       used 5837K, capacity 6960K, committed 7040K, reserved 1056768K
  class space    used 559K, capacity 616K, committed 640K, reserved 1048576K
}

Deoptimization events (10 events):
Event: 6.002 Thread 0x0000000016309800 Uncommon trap: reason=unstable_if action=reinterpret pc=0x000000000281f36c method=com.android.dx.util.BitIntSet.has(I)Z @ 8
Event: 6.003 Thread 0x0000000016309800 Uncommon trap: reason=unstable_if action=reinterpret pc=0x00000000027ee118 method=com.android.dx.util.BitIntSet.has(I)Z @ 8
Event: 6.457 Thread 0x0000000016300800 Uncommon trap: reason=class_check action=maybe_recompile pc=0x00000000027db318 method=java.util.HashMap.putVal(ILjava/lang/Object;Ljava/lang/Object;ZZ)Ljava/lang/Object; @ 203
Event: 6.580 Thread 0x0000000016300800 Uncommon trap: reason=bimorphic action=maybe_recompile pc=0x000000000292939c method=com.android.dx.ssa.LiteralOpUpgrader.tryReplacingWithConstant(Lcom/android/dx/ssa/NormalSsaInsn;)Z @ 52
Event: 6.612 Thread 0x000000000228d800 Uncommon trap: reason=bimorphic action=maybe_recompile pc=0x00000000027ce2cc method=com.android.dx.cf.code.BytecodeArray.parseInstruction(ILcom/android/dx/cf/code/BytecodeArray$Visitor;)I @ 955
Event: 6.612 Thread 0x000000000228d800 Uncommon trap: reason=uninitialized action=reinterpret pc=0x00000000027ce0cc method=com.android.dx.cf.code.BytecodeArray.parseInstruction(ILcom/android/dx/cf/code/BytecodeArray$Visitor;)I @ 1031
Event: 6.632 Thread 0x000000000228d800 Uncommon trap: reason=unstable_if action=reinterpret pc=0x00000000028db068 method=com.android.dx.ssa.SsaRenamer$BlockRenamer.visitMoveInsn(Lcom/android/dx/ssa/NormalSsaInsn;)V @ 104
Event: 6.632 Thread 0x000000000228d800 Uncommon trap: reason=unstable_if action=reinterpret pc=0x00000000028e8cac method=com.android.dx.ssa.SsaRenamer$BlockRenamer.process()V @ 90
Event: 6.644 Thread 0x0000000016309800 Uncommon trap: reason=bimorphic action=maybe_recompile pc=0x000000000292939c method=com.android.dx.ssa.LiteralOpUpgrader.tryReplacingWithConstant(Lcom/android/dx/ssa/NormalSsaInsn;)Z @ 52
Event: 6.962 Thread 0x0000000016309800 Uncommon trap: reason=unstable_if action=reinterpret pc=0x0000000002818e50 method=com.android.dx.ssa.SCCP.simulateStmt(Lcom/android/dx/ssa/SsaInsn;)V @ 53

Internal exceptions (3 events):
Event: 0.148 Thread 0x000000000228d800 Exception <a 'java/lang/NoSuchMethodError': Method sun.misc.Unsafe.defineClass(Ljava/lang/String;[BII)Ljava/lang/Class; name or signature does not match> (0x00000000eab07cc0) thrown at [C:\src\android\AOSP-openjdk\external\jetbrains\jdk\hotspot\src\share\vG¢üÔtýÂ?
Event: 0.148 Thread 0x000000000228d800 Exception <a 'java/lang/NoSuchMethodError': Method sun.misc.Unsafe.prefetchRead(Ljava/lang/Object;J)V name or signature does not match> (0x00000000eab07fa8) thrown at [C:\src\android\AOSP-openjdk\external\jetbrains\jdk\hotspot\src\share\vm\prims\jni.cpp, là“åõ@
Event: 5.739 Thread 0x0000000016300800 Implicit null exception at 0x00000000027ddc72 to 0x00000000027df135

Events (10 events):
Event: 6.632 Thread 0x000000000228d800 DEOPT PACKING pc=0x00000000028e8cac sp=0x000000000203d970
Event: 6.632 Thread 0x000000000228d800 DEOPT UNPACKING pc=0x00000000023d556a sp=0x000000000203d980 mode 2
Event: 6.644 Thread 0x0000000016309800 Uncommon trap: trap_request=0xffffffc6 fr.pc=0x000000000292939c
Event: 6.644 Thread 0x0000000016309800 DEOPT PACKING pc=0x000000000292939c sp=0x0000000016cae7d0
Event: 6.644 Thread 0x0000000016309800 DEOPT UNPACKING pc=0x00000000023d556a sp=0x0000000016cae6a8 mode 2
Event: 6.654 Executing VM operation: ParallelGCFailedAllocation
Event: 6.929 Executing VM operation: ParallelGCFailedAllocation done
Event: 6.962 Thread 0x0000000016309800 Uncommon trap: trap_request=0xffffff65 fr.pc=0x0000000002818e50
Event: 6.962 Thread 0x0000000016309800 DEOPT PACKING pc=0x0000000002818e50 sp=0x0000000016cae750
Event: 6.962 Thread 0x0000000016309800 DEOPT UNPACKING pc=0x00000000023d556a sp=0x0000000016cae718 mode 2


Dynamic libraries:
0x00007ff7fd840000 - 0x00007ff7fd871000 	C:\Program Files\Android\Android Studio1\jre\bin\java.exe
0x00007ffc48e70000 - 0x00007ffc49041000 	C:\WINDOWS\SYSTEM32\ntdll.dll
0x00007ffc48c80000 - 0x00007ffc48d2b000 	C:\WINDOWS\System32\KERNEL32.DLL
0x00007ffc45560000 - 0x00007ffc4577d000 	C:\WINDOWS\System32\KERNELBASE.dll
0x00007ffc46a70000 - 0x00007ffc46b12000 	C:\WINDOWS\System32\ADVAPI32.dll
0x00007ffc469d0000 - 0x00007ffc46a6e000 	C:\WINDOWS\System32\msvcrt.dll
0x00007ffc46f60000 - 0x00007ffc46fb9000 	C:\WINDOWS\System32\sechost.dll
0x00007ffc48d40000 - 0x00007ffc48e61000 	C:\WINDOWS\System32\RPCRT4.dll
0x00007ffc48750000 - 0x00007ffc488b5000 	C:\WINDOWS\System32\USER32.dll
0x00007ffc45540000 - 0x00007ffc4555e000 	C:\WINDOWS\System32\win32u.dll
0x00007ffc47120000 - 0x00007ffc47154000 	C:\WINDOWS\System32\GDI32.dll
0x00007ffc46150000 - 0x00007ffc462d2000 	C:\WINDOWS\System32\gdi32full.dll
0x00007ffc3d3e0000 - 0x00007ffc3d659000 	C:\WINDOWS\WinSxS\amd64_microsoft.windows.common-controls_6595b64144ccf1df_6.0.14393.447_none_42191651c6827bb3\COMCTL32.dll
0x00007ffc46470000 - 0x00007ffc46738000 	C:\WINDOWS\System32\combase.dll
0x00007ffc453a0000 - 0x00007ffc45495000 	C:\WINDOWS\System32\ucrtbase.dll
0x00007ffc45780000 - 0x00007ffc457ea000 	C:\WINDOWS\System32\bcryptPrimitives.dll
0x00007ffc463e0000 - 0x00007ffc4640e000 	C:\WINDOWS\System32\IMM32.DLL
0x0000000075730000 - 0x0000000075802000 	C:\Program Files\Android\Android Studio1\jre\jre\bin\msvcr100.dll
0x0000000075810000 - 0x0000000076044000 	C:\Program Files\Android\Android Studio1\jre\jre\bin\server\jvm.dll
0x00007ffc46b20000 - 0x00007ffc46b28000 	C:\WINDOWS\System32\PSAPI.DLL
0x00007ffc35530000 - 0x00007ffc35539000 	C:\WINDOWS\SYSTEM32\WSOCK32.dll
0x00007ffc48a60000 - 0x00007ffc48aca000 	C:\WINDOWS\System32\WS2_32.dll
0x00007ffc43740000 - 0x00007ffc43763000 	C:\WINDOWS\SYSTEM32\WINMM.dll
0x00007ffc3dd50000 - 0x00007ffc3dd5a000 	C:\WINDOWS\SYSTEM32\VERSION.dll
0x00007ffc43710000 - 0x00007ffc4373b000 	C:\WINDOWS\SYSTEM32\WINMMBASE.dll
0x00007ffc46390000 - 0x00007ffc463d2000 	C:\WINDOWS\System32\cfgmgr32.dll
0x00007ffc427e0000 - 0x00007ffc427ef000 	C:\Program Files\Android\Android Studio1\jre\jre\bin\verify.dll
0x00007ffc40760000 - 0x00007ffc40789000 	C:\Program Files\Android\Android Studio1\jre\jre\bin\java.dll
0x00007ffc427c0000 - 0x00007ffc427d6000 	C:\Program Files\Android\Android Studio1\jre\jre\bin\zip.dll
0x00007ffc47220000 - 0x00007ffc48729000 	C:\WINDOWS\System32\SHELL32.dll
0x00007ffc458a0000 - 0x00007ffc45f7a000 	C:\WINDOWS\System32\windows.storage.dll
0x00007ffc452b0000 - 0x00007ffc452fc000 	C:\WINDOWS\System32\powrprof.dll
0x00007ffc48ad0000 - 0x00007ffc48b22000 	C:\WINDOWS\System32\shlwapi.dll
0x00007ffc45310000 - 0x00007ffc4531f000 	C:\WINDOWS\System32\kernel.appcore.dll
0x00007ffc462e0000 - 0x00007ffc46389000 	C:\WINDOWS\System32\shcore.dll
0x00007ffc45320000 - 0x00007ffc45334000 	C:\WINDOWS\System32\profapi.dll

VM Arguments:
jvm_args: -Djava.awt.headless=true -Xmx1024M -Dfile.encoding=windows-1252 -Duser.country=US -Duser.language=en -Duser.variant 
java_command: com.android.dx.command.Main --dex --force-jumbo --num-threads=4 --multi-dex --output C:\Users\Mac\Documents\GitHub\ftc_app-3113-beta\TeamCode\build\intermediates\transforms\dex\debug\folders\1000\5\slice_0 C:\Users\Mac\Documents\GitHub\ftc_app-3113-beta\TeamCode\build\intermediates\transforms\instantRunSlicer\debug\folders\1\5\slice_0
java_class_path (initial): C:\Users\Mac\AppData\Local\Android\sdk1\build-tools\23.0.3\lib\dx.jar
Launcher Type: SUN_STANDARD

Environment Variables:
PATH=C:\ProgramData\Oracle\Java\javapath;C:\Program Files\Common Files\Microsoft Shared\Windows Live;C:\Program Files (x86)\Common Files\Microsoft Shared\Windows Live;C:\Program Files (x86)\NVIDIA Corporation\PhysX\Common;C:\Program Files (x86)\Intel\iCLS Client\;C:\Program Files\Intel\iCLS Client\;C:\WINDOWS\system32;C:\WINDOWS;C:\WINDOWS\System32\Wbem;C:\WINDOWS\System32\WindowsPowerShell\v1.0\;C:\Program Files\Intel\Intel(R) Management Engine Components\DAL;C:\Program Files\Intel\Intel(R) Management Engine Components\IPT;C:\Program Files (x86)\Intel\Intel(R) Management Engine Components\DAL;C:\Program Files (x86)\Intel\Intel(R) Management Engine Components\IPT;C:\Program Files\Intel\WiFi\bin\;C:\Program Files\Common Files\Intel\WirelessCommon\;C:\Program Files\WIDCOMM\Bluetooth Software\;C:\Program Files\WIDCOMM\Bluetooth Software\syswow64;C:\Program Files (x86)\Windows Live\Shared;C:\Go\bin;C:\Users\Mac\.dnx\bin;C:\Program Files\Microsoft DNX\Dnvm\;C:\Ruby22-x64\bin;C:\Program Files\Java\jdk1.8.0_66\bin;C:\Use;C:\Users\Mac\AppData\Local\GitHub\PortableGit_c7e0cbde92ba565cb218a521411d0e854079a28c\cmd;C:\WINDOWS\system32;C:\WINDOWS;C:\WINDOWS\System32\Wbem;C:\WINDOWS\System32\WindowsPowerShell\v1.0\;C:\Ruby22-x64\bin;C:\Program Files\Java\jdk1.8.0_66\bin;C:\Users\Mac\AppData\Local\atom\bin;C:\Users\Mac\AppData\Local\Microsoft\WindowsApps;
USERNAME=Mac
OS=Windows_NT
PROCESSOR_IDENTIFIER=Intel64 Family 6 Model 58 Stepping 9, GenuineIntel



---------------  S Y S T E M  ---------------

OS: Windows 10.0 , 64 bit Build 14393 (10.0.14393.0)

CPU:total 4 (2 cores per cpu, 2 threads per core) family 6 model 58 stepping 9, cmov, cx8, fxsr, mmx, sse, sse2, sse3, ssse3, sse4.1, sse4.2, popcnt, avx, aes, clmul, erms, ht, tsc, tscinvbit, tscinv

Memory: 4k page, physical 6191416k(1519036k free), swap 7239992k(5132k free)

vm_info: OpenJDK 64-Bit Server VM (25.76-b03) for windows-amd64 JRE (1.8.0_76-release-b03), built on Jun 29 2016 19:09:20 by "ralucas" with MS VC++ 10.0 (VS2010)

time: Sun Jan 15 16:00:48 2017
elapsed time: 7 seconds (0d 0h 0m 7s)

