#
# There is insufficient memory for the Java Runtime Environment to continue.
# Native memory allocation (malloc) failed to allocate 32744 bytes for ChunkPool::allocate
# Possible reasons:
#   The system is out of physical RAM or swap space
#   In 32 bit mode, the process size limit was hit
# Possible solutions:
#   Reduce memory load on the system
#   Increase physical memory or swap space
#   Check if swap backing store is full
#   Use 64 bit Java on a 64 bit OS
#   Decrease Java heap size (-Xmx/-Xms)
#   Decrease number of Java threads
#   Decrease Java thread stack sizes (-Xss)
#   Set larger code cache with -XX:ReservedCodeCacheSize=
# This output file may be truncated or incomplete.
#
#  Out of Memory Error (allocation.cpp:273), pid=312, tid=0x00000000000031e4
#
# JRE version: OpenJDK Runtime Environment (8.0_76-b03) (build 1.8.0_76-release-b03)
# Java VM: OpenJDK 64-Bit Server VM (25.76-b03 mixed mode windows-amd64 compressed oops)
# Failed to write core dump. Minidumps are not enabled by default on client versions of Windows
#

---------------  T H R E A D  ---------------

Current thread (0x00000000156fd000):  JavaThread "C1 CompilerThread2" daemon [_thread_in_native, id=12772, stack(0x0000000016f00000,0x0000000017000000)]

Stack: [0x0000000016f00000,0x0000000017000000]
[error occurred during error reporting (printing stack bounds), id 0xc0000005]

Native frames: (J=compiled Java code, j=interpreted, Vv=VM code, C=native code)


Current CompileTask:
C1:   3503  367       3       java.util.zip.ZipEntry::setExtra0 (360 bytes)


---------------  P R O C E S S  ---------------

Java Threads: ( => current thread )
  0x0000000017264000 JavaThread "pool-2-thread-4" [_thread_blocked, id=11492, stack(0x0000000017a00000,0x0000000017b00000)]
  0x0000000017263800 JavaThread "pool-2-thread-3" [_thread_blocked, id=3688, stack(0x0000000017900000,0x0000000017a00000)]
  0x0000000017262000 JavaThread "pool-2-thread-2" [_thread_in_vm, id=10224, stack(0x0000000017800000,0x0000000017900000)]
  0x000000001725b000 JavaThread "pool-3-thread-1" [_thread_blocked, id=13996, stack(0x0000000017700000,0x0000000017800000)]
  0x000000001725a000 JavaThread "pool-2-thread-1" [_thread_blocked, id=11400, stack(0x0000000017600000,0x0000000017700000)]
  0x0000000017003800 JavaThread "Service Thread" daemon [_thread_blocked, id=6472, stack(0x0000000017400000,0x0000000017500000)]
=>0x00000000156fd000 JavaThread "C1 CompilerThread2" daemon [_thread_in_native, id=12772, stack(0x0000000016f00000,0x0000000017000000)]
  0x000000001569f000 JavaThread "C2 CompilerThread1" daemon [_thread_blocked, id=8520, stack(0x0000000016e00000,0x0000000016f00000)]
  0x000000001569c000 JavaThread "C2 CompilerThread0" daemon [_thread_blocked, id=3184, stack(0x0000000016d00000,0x0000000016e00000)]
  0x000000001569a000 JavaThread "Attach Listener" daemon [_thread_blocked, id=12432, stack(0x0000000016c00000,0x0000000016d00000)]
  0x0000000002fce800 JavaThread "Signal Dispatcher" daemon [_thread_blocked, id=1812, stack(0x0000000016b00000,0x0000000016c00000)]
  0x0000000015688800 JavaThread "Finalizer" daemon [_thread_blocked, id=2348, stack(0x0000000016910000,0x0000000016a10000)]
  0x0000000002fc0800 JavaThread "Reference Handler" daemon [_thread_blocked, id=10004, stack(0x0000000016810000,0x0000000016910000)]
  0x0000000002dcd800 JavaThread "main" [_thread_in_vm, id=7896, stack(0x0000000002dd0000,0x0000000002ed0000)]

Other Threads:
  0x0000000015665000 VMThread [stack: 0x0000000016710000,0x0000000016810000] [id=1792]
  0x0000000017005000 WatcherThread [stack: 0x0000000017500000,0x0000000017600000] [id=4964]

VM state:not at safepoint (normal execution)

VM Mutex/Monitor currently owned by a thread: None

Heap:
 PSYoungGen      total 28672K, used 10383K [0x00000000eab00000, 0x00000000ecb00000, 0x0000000100000000)
  eden space 24576K, 42% used [0x00000000eab00000,0x00000000eb523d78,0x00000000ec300000)
  from space 4096K, 0% used [0x00000000ec700000,0x00000000ec700000,0x00000000ecb00000)
  to   space 4096K, 0% used [0x00000000ec300000,0x00000000ec300000,0x00000000ec700000)
 ParOldGen       total 65536K, used 0K [0x00000000c0000000, 0x00000000c4000000, 0x00000000eab00000)
  object space 65536K, 0% used [0x00000000c0000000,0x00000000c0000000,0x00000000c4000000)
 Metaspace       used 5239K, capacity 6288K, committed 6528K, reserved 1058816K
  class space    used 560K, capacity 584K, committed 640K, reserved 1048576K

Card table byte_map: [0x0000000012390000,0x00000000125a0000] byte_map_base: 0x0000000011d90000

Marking Bits: (ParMarkBitMap*) 0x0000000075fc9d00
 Begin Bits: [0x0000000012b00000, 0x0000000013b00000)
 End Bits:   [0x0000000013b00000, 0x0000000014b00000)

Polling page: 0x0000000002c20000

CodeCache: size=245760Kb used=1848Kb max_used=1848Kb free=243911Kb
 bounds [0x0000000002fd0000, 0x0000000003240000, 0x0000000011fd0000]
 total_blobs=634 nmethods=366 adapters=182
 compilation: enabled

Compilation events (10 events):
Event: 3.492 Thread 0x00000000156fd000 nmethod 360 0x000000000319bb10 code [0x000000000319bc80, 0x000000000319be08]
Event: 3.492 Thread 0x00000000156fd000  363       1       com.android.dx.dex.code.Dop::getOpcode (5 bytes)
Event: 3.493 Thread 0x00000000156fd000 nmethod 363 0x000000000319b850 code [0x000000000319b9a0, 0x000000000319bab0]
Event: 3.494 Thread 0x00000000156fd000  364       3       com.android.dx.rop.code.BasicBlockList::get (9 bytes)
Event: 3.494 Thread 0x00000000156fd000 nmethod 364 0x000000000319b310 code [0x000000000319b480, 0x000000000319b768]
Event: 3.494 Thread 0x00000000156fd000  366       3       com.android.dx.rop.code.InsnList::get (9 bytes)
Event: 3.495 Thread 0x00000000156fd000 nmethod 366 0x000000000319ac10 code [0x000000000319ad80, 0x000000000319b068]
Event: 3.495 Thread 0x00000000156fd000  365       3       java.util.zip.ZipEntry::<init> (43 bytes)
Event: 3.495 Thread 0x00000000156fd000 nmethod 365 0x000000000319a610 code [0x000000000319a760, 0x000000000319a970]
Event: 3.495 Thread 0x00000000156fd000  367       3       java.util.zip.ZipEntry::setExtra0 (360 bytes)

GC Heap History (0 events):
No events

Deoptimization events (0 events):
No events

Internal exceptions (2 events):
Event: 0.063 Thread 0x0000000002dcd800 Exception <a 'java/lang/NoSuchMethodError': Method sun.misc.Unsafe.defineClass(Ljava/lang/String;[BII)Ljava/lang/Class; name or signature does not match> (0x00000000eab07cc0) thrown at [C:\src\android\AOSP-openjdk\external\jetbrains\jdk\hotspot\src\share\vF Aуж%А?
Event: 0.063 Thread 0x0000000002dcd800 Exception <a 'java/lang/NoSuchMethodError': Method sun.misc.Unsafe.prefetchRead(Ljava/lang/Object;J)V name or signature does not match> (0x00000000eab07fa8) thrown at [C:\src\android\AOSP-openjdk\external\jetbrains\jdk\hotspot\src\share\vm\prims\jni.cpp, l

Events (10 events):
Event: 3.497 loading class com/android/dx/dex/code/OddSpacer
Event: 3.497 loading class com/android/dx/dex/code/OddSpacer done
Event: 3.497 loading class com/android/dx/dex/code/SwitchData
Event: 3.497 loading class com/android/dx/dex/code/SwitchData done
Event: 3.498 loading class com/android/dx/dex/code/ArrayData
Event: 3.498 loading class com/android/dx/dex/code/ArrayData done
Event: 3.498 loading class com/android/dx/dex/code/LocalStart
Event: 3.498 loading class com/android/dx/dex/code/LocalStart done
Event: 3.499 loading class com/android/dx/dex/code/RopToDop
Event: 3.499 loading class com/android/dx/dex/code/RopToDop done


Dynamic libraries:
0x00007ff7fd840000 - 0x00007ff7fd871000 	C:\Program Files\Android\Android Studio1\jre\bin\java.exe
0x00007ffc48e70000 - 0x00007ffc49041000 	C:\WINDOWS\SYSTEM32\ntdll.dll
0x00007ffc48c80000 - 0x00007ffc48d2b000 	C:\WINDOWS\System32\KERNEL32.DLL
0x00007ffc45560000 - 0x00007ffc4577d000 	C:\WINDOWS\System32\KERNELBASE.dll
0x00007ffc46a70000 - 0x00007ffc46b12000 	C:\WINDOWS\System32\ADVAPI32.dll
0x00007ffc469d0000 - 0x00007ffc46a6e000 	C:\WINDOWS\System32\msvcrt.dll
0x00007ffc46f60000 - 0x00007ffc46fb9000 	C:\WINDOWS\System32\sechost.dll
0x00007ffc48d40000 - 0x00007ffc48e61000 	C:\WINDOWS\System32\RPCRT4.dll
0x00007ffc48750000 - 0x00007ffc488b5000 	C:\WINDOWS\System32\USER32.dll
0x00007ffc45540000 - 0x00007ffc4555e000 	C:\WINDOWS\System32\win32u.dll
0x00007ffc47120000 - 0x00007ffc47154000 	C:\WINDOWS\System32\GDI32.dll
0x00007ffc46150000 - 0x00007ffc462d2000 	C:\WINDOWS\System32\gdi32full.dll
0x00007ffc3d3e0000 - 0x00007ffc3d659000 	C:\WINDOWS\WinSxS\amd64_microsoft.windows.common-controls_6595b64144ccf1df_6.0.14393.447_none_42191651c6827bb3\COMCTL32.dll
0x00007ffc46470000 - 0x00007ffc46738000 	C:\WINDOWS\System32\combase.dll
0x00007ffc453a0000 - 0x00007ffc45495000 	C:\WINDOWS\System32\ucrtbase.dll
0x00007ffc45780000 - 0x00007ffc457ea000 	C:\WINDOWS\System32\bcryptPrimitives.dll
0x00007ffc463e0000 - 0x00007ffc4640e000 	C:\WINDOWS\System32\IMM32.DLL
0x0000000075730000 - 0x0000000075802000 	C:\Program Files\Android\Android Studio1\jre\jre\bin\msvcr100.dll
0x0000000075810000 - 0x0000000076044000 	C:\Program Files\Android\Android Studio1\jre\jre\bin\server\jvm.dll
0x00007ffc46b20000 - 0x00007ffc46b28000 	C:\WINDOWS\System32\PSAPI.DLL
0x00007ffc35530000 - 0x00007ffc35539000 	C:\WINDOWS\SYSTEM32\WSOCK32.dll
0x00007ffc48a60000 - 0x00007ffc48aca000 	C:\WINDOWS\System32\WS2_32.dll
0x00007ffc43740000 - 0x00007ffc43763000 	C:\WINDOWS\SYSTEM32\WINMM.dll
0x00007ffc3dd50000 - 0x00007ffc3dd5a000 	C:\WINDOWS\SYSTEM32\VERSION.dll
0x00007ffc43710000 - 0x00007ffc4373b000 	C:\WINDOWS\SYSTEM32\WINMMBASE.dll
0x00007ffc46390000 - 0x00007ffc463d2000 	C:\WINDOWS\System32\cfgmgr32.dll
0x00007ffc427e0000 - 0x00007ffc427ef000 	C:\Program Files\Android\Android Studio1\jre\jre\bin\verify.dll
0x00007ffc40760000 - 0x00007ffc40789000 	C:\Program Files\Android\Android Studio1\jre\jre\bin\java.dll
0x00007ffc427c0000 - 0x00007ffc427d6000 	C:\Program Files\Android\Android Studio1\jre\jre\bin\zip.dll
0x00007ffc47220000 - 0x00007ffc48729000 	C:\WINDOWS\System32\SHELL32.dll
0x00007ffc458a0000 - 0x00007ffc45f7a000 	C:\WINDOWS\System32\windows.storage.dll
0x00007ffc452b0000 - 0x00007ffc452fc000 	C:\WINDOWS\System32\powrprof.dll
0x00007ffc48ad0000 - 0x00007ffc48b22000 	C:\WINDOWS\System32\shlwapi.dll
0x00007ffc45310000 - 0x00007ffc4531f000 	C:\WINDOWS\System32\kernel.appcore.dll
0x00007ffc462e0000 - 0x00007ffc46389000 	C:\WINDOWS\System32\shcore.dll
0x00007ffc45320000 - 0x00007ffc45334000 	C:\WINDOWS\System32\profapi.dll

VM Arguments:
jvm_args: -Djava.awt.headless=true -Xmx1024M -Dfile.encoding=windows-1252 -Duser.country=US -Duser.language=en -Duser.variant 
java_command: com.android.dx.command.Main --dex --force-jumbo --num-threads=4 --multi-dex --output C:\Users\Mac\Documents\GitHub\ftc_app-3113-beta\TeamCode\build\intermediates\transforms\dex\debug\folders\1000\10\intermediates-exploded-aar-Blocks-release_ff0c6b75e24b12c05ebe3e7fa61fdef228a4cc1d C:\Users\Mac\Documents\GitHub\ftc_app-3113-beta\TeamCode\build\intermediates\exploded-aar\Blocks-release\jars\classes.jar
java_class_path (initial): C:\Users\Mac\AppData\Local\Android\sdk1\build-tools\23.0.3\lib\dx.jar
Launcher Type: SUN_STANDARD

Environment Variables:
PATH=C:\ProgramData\Oracle\Java\javapath;C:\Program Files\Common Files\Microsoft Shared\Windows Live;C:\Program Files (x86)\Common Files\Microsoft Shared\Windows Live;C:\Program Files (x86)\NVIDIA Corporation\PhysX\Common;C:\Program Files (x86)\Intel\iCLS Client\;C:\Program Files\Intel\iCLS Client\;C:\WINDOWS\system32;C:\WINDOWS;C:\WINDOWS\System32\Wbem;C:\WINDOWS\System32\WindowsPowerShell\v1.0\;C:\Program Files\Intel\Intel(R) Management Engine Components\DAL;C:\Program Files\Intel\Intel(R) Management Engine Components\IPT;C:\Program Files (x86)\Intel\Intel(R) Management Engine Components\DAL;C:\Program Files (x86)\Intel\Intel(R) Management Engine Components\IPT;C:\Program Files\Intel\WiFi\bin\;C:\Program Files\Common Files\Intel\WirelessCommon\;C:\Program Files\WIDCOMM\Bluetooth Software\;C:\Program Files\WIDCOMM\Bluetooth Software\syswow64;C:\Program Files (x86)\Windows Live\Shared;C:\Go\bin;C:\Users\Mac\.dnx\bin;C:\Program Files\Microsoft DNX\Dnvm\;C:\Ruby22-x64\bin;C:\Program Files\Java\jdk1.8.0_66\bin;C:\Use;C:\Users\Mac\AppData\Local\GitHub\PortableGit_c7e0cbde92ba565cb218a521411d0e854079a28c\cmd;C:\WINDOWS\system32;C:\WINDOWS;C:\WINDOWS\System32\Wbem;C:\WINDOWS\System32\WindowsPowerShell\v1.0\;C:\Ruby22-x64\bin;C:\Program Files\Java\jdk1.8.0_66\bin;C:\Users\Mac\AppData\Local\atom\bin;C:\Users\Mac\AppData\Local\Microsoft\WindowsApps;
USERNAME=Mac
OS=Windows_NT
PROCESSOR_IDENTIFIER=Intel64 Family 6 Model 58 Stepping 9, GenuineIntel



---------------  S Y S T E M  ---------------

OS: Windows 10.0 , 64 bit Build 14393 (10.0.14393.0)

CPU:total 4 (2 cores per cpu, 2 threads per core) family 6 model 58 stepping 9, cmov, cx8, fxsr, mmx, sse, sse2, sse3, ssse3, sse4.1, sse4.2, popcnt, avx, aes, clmul, erms, ht, tsc, tscinvbit, tscinv

Memory: 4k page, physical 6191416k(1647928k free), swap 7239992k(3080k free)

vm_info: OpenJDK 64-Bit Server VM (25.76-b03) for windows-amd64 JRE (1.8.0_76-release-b03), built on Jun 29 2016 19:09:20 by "ralucas" with MS VC++ 10.0 (VS2010)

time: Sun Jan 15 16:03:46 2017
elapsed time: 3 seconds (0d 0h 0m 3s)

