#
# There is insufficient memory for the Java Runtime Environment to continue.
# Native memory allocation (malloc) failed to allocate 65552 bytes for Chunk::new
# Possible reasons:
#   The system is out of physical RAM or swap space
#   In 32 bit mode, the process size limit was hit
# Possible solutions:
#   Reduce memory load on the system
#   Increase physical memory or swap space
#   Check if swap backing store is full
#   Use 64 bit Java on a 64 bit OS
#   Decrease Java heap size (-Xmx/-Xms)
#   Decrease number of Java threads
#   Decrease Java thread stack sizes (-Xss)
#   Set larger code cache with -XX:ReservedCodeCacheSize=
# This output file may be truncated or incomplete.
#
#  Out of Memory Error (allocation.cpp:390), pid=8372, tid=0x0000000000001c90
#
# JRE version: OpenJDK Runtime Environment (8.0_76-b03) (build 1.8.0_76-release-b03)
# Java VM: OpenJDK 64-Bit Server VM (25.76-b03 mixed mode windows-amd64 compressed oops)
# Failed to write core dump. Minidumps are not enabled by default on client versions of Windows
#

---------------  T H R E A D  ---------------

Current thread (0x00000000154af800):  JavaThread "C2 CompilerThread1" daemon [_thread_in_native, id=7312, stack(0x0000000016bf0000,0x0000000016cf0000)]

Stack: [0x0000000016bf0000,0x0000000016cf0000]
[error occurred during error reporting (printing stack bounds), id 0xc0000005]

Native frames: (J=compiled Java code, j=interpreted, Vv=VM code, C=native code)


Current CompileTask:
C2:   4280 1715       4       com.android.dx.ssa.DeadCodeRemover::run (194 bytes)


---------------  P R O C E S S  ---------------

Java Threads: ( => current thread )
  0x000000001704c800 JavaThread "pool-1-thread-1" [_thread_in_Java, id=4732, stack(0x000000001a090000,0x000000001a190000)]
  0x0000000016df4000 JavaThread "Service Thread" daemon [_thread_blocked, id=3412, stack(0x00000000171f0000,0x00000000172f0000)]
  0x000000001550a800 JavaThread "C1 CompilerThread2" daemon [_thread_in_vm, id=10756, stack(0x0000000016cf0000,0x0000000016df0000)]
=>0x00000000154af800 JavaThread "C2 CompilerThread1" daemon [_thread_in_native, id=7312, stack(0x0000000016bf0000,0x0000000016cf0000)]
  0x00000000154ad000 JavaThread "C2 CompilerThread0" daemon [_thread_in_native, id=9332, stack(0x0000000016af0000,0x0000000016bf0000)]
  0x00000000154ab000 JavaThread "Attach Listener" daemon [_thread_blocked, id=7412, stack(0x00000000169f0000,0x0000000016af0000)]
  0x0000000002dde800 JavaThread "Signal Dispatcher" daemon [_thread_blocked, id=2864, stack(0x00000000168f0000,0x00000000169f0000)]
  0x0000000015498800 JavaThread "Finalizer" daemon [_thread_blocked, id=13048, stack(0x0000000016700000,0x0000000016800000)]
  0x0000000002dd0800 JavaThread "Reference Handler" daemon [_thread_blocked, id=12244, stack(0x0000000016600000,0x0000000016700000)]
  0x0000000002bbd800 JavaThread "main" [_thread_blocked, id=7580, stack(0x00000000029f0000,0x0000000002af0000)]

Other Threads:
  0x0000000015475000 VMThread [stack: 0x0000000016500000,0x0000000016600000] [id=7040]
  0x0000000016df6000 WatcherThread [stack: 0x00000000172f0000,0x00000000173f0000] [id=7540]

VM state:not at safepoint (normal execution)

VM Mutex/Monitor currently owned by a thread: None

Heap:
 PSYoungGen      total 53248K, used 9211K [0x00000000eab00000, 0x00000000f1300000, 0x0000000100000000)
  eden space 49152K, 10% used [0x00000000eab00000,0x00000000eb002708,0x00000000edb00000)
  from space 4096K, 99% used [0x00000000edb00000,0x00000000edefc518,0x00000000edf00000)
  to   space 4096K, 0% used [0x00000000f0f00000,0x00000000f0f00000,0x00000000f1300000)
 ParOldGen       total 65536K, used 12529K [0x00000000c0000000, 0x00000000c4000000, 0x00000000eab00000)
  object space 65536K, 19% used [0x00000000c0000000,0x00000000c0c3c5f8,0x00000000c4000000)
 Metaspace       used 6270K, capacity 7152K, committed 7296K, reserved 1056768K
  class space    used 584K, capacity 616K, committed 640K, reserved 1048576K

Card table byte_map: [0x00000000121a0000,0x00000000123b0000] byte_map_base: 0x0000000011ba0000

Marking Bits: (ParMarkBitMap*) 0x0000000075fc9d00
 Begin Bits: [0x0000000012910000, 0x0000000013910000)
 End Bits:   [0x0000000013910000, 0x0000000014910000)

Polling page: 0x0000000001270000

CodeCache: size=245760Kb used=7253Kb max_used=7253Kb free=238506Kb
 bounds [0x0000000002de0000, 0x0000000003500000, 0x0000000011de0000]
 total_blobs=1997 nmethods=1728 adapters=182
 compilation: enabled

Compilation events (10 events):
Event: 4.139 Thread 0x000000001550a800 nmethod 1741 0x00000000034bf350 code [0x00000000034bf4a0, 0x00000000034bf650]
Event: 4.139 Thread 0x000000001550a800 1742       2       java.util.concurrent.ThreadPoolExecutor::runStateAtLeast (11 bytes)
Event: 4.139 Thread 0x000000001550a800 nmethod 1742 0x00000000034d68d0 code [0x00000000034d6a20, 0x00000000034d6b50]
Event: 4.139 Thread 0x000000001550a800 1743       2       java.util.concurrent.ThreadPoolExecutor$Worker::unlock (7 bytes)
Event: 4.140 Thread 0x000000001550a800 nmethod 1743 0x00000000034d64d0 code [0x00000000034d6640, 0x00000000034d6808]
Event: 4.140 Thread 0x000000001550a800 1744       1       com.android.dx.dex.file.ClassDefItem::getThisClass (5 bytes)
Event: 4.140 Thread 0x000000001550a800 nmethod 1744 0x00000000034d6210 code [0x00000000034d6360, 0x00000000034d6470]
Event: 4.165 Thread 0x00000000154ad000 nmethod 1720% 0x00000000034f8b90 code [0x00000000034f8de0, 0x00000000034fb1a8]
Event: 4.165 Thread 0x00000000154ad000 1736       4       com.android.dx.ssa.DeadCodeRemover::isCircularNoSideEffect (140 bytes)
Event: 4.177 Thread 0x000000001550a800 1745       2       java.util.concurrent.FutureTask::get (23 bytes)

GC Heap History (6 events):
Event: 1.666 GC heap before
{Heap before GC invocations=1 (full 0):
 PSYoungGen      total 28672K, used 24576K [0x00000000eab00000, 0x00000000ecb00000, 0x0000000100000000)
  eden space 24576K, 100% used [0x00000000eab00000,0x00000000ec300000,0x00000000ec300000)
  from space 4096K, 0% used [0x00000000ec700000,0x00000000ec700000,0x00000000ecb00000)
  to   space 4096K, 0% used [0x00000000ec300000,0x00000000ec300000,0x00000000ec700000)
 ParOldGen       total 65536K, used 0K [0x00000000c0000000, 0x00000000c4000000, 0x00000000eab00000)
  object space 65536K, 0% used [0x00000000c0000000,0x00000000c0000000,0x00000000c4000000)
 Metaspace       used 5873K, capacity 6896K, committed 7040K, reserved 1056768K
  class space    used 575K, capacity 616K, committed 640K, reserved 1048576K
Event: 1.762 GC heap after
Heap after GC invocations=1 (full 0):
 PSYoungGen      total 28672K, used 4087K [0x00000000eab00000, 0x00000000ee300000, 0x0000000100000000)
  eden space 24576K, 0% used [0x00000000eab00000,0x00000000eab00000,0x00000000ec300000)
  from space 4096K, 99% used [0x00000000ec300000,0x00000000ec6fdc98,0x00000000ec700000)
  to   space 4096K, 0% used [0x00000000edf00000,0x00000000edf00000,0x00000000ee300000)
 ParOldGen       total 65536K, used 1384K [0x00000000c0000000, 0x00000000c4000000, 0x00000000eab00000)
  object space 65536K, 2% used [0x00000000c0000000,0x00000000c015a2b0,0x00000000c4000000)
 Metaspace       used 5873K, capacity 6896K, committed 7040K, reserved 1056768K
  class space    used 575K, capacity 616K, committed 640K, reserved 1048576K
}
Event: 2.592 GC heap before
{Heap before GC invocations=2 (full 0):
 PSYoungGen      total 28672K, used 28663K [0x00000000eab00000, 0x00000000ee300000, 0x0000000100000000)
  eden space 24576K, 100% used [0x00000000eab00000,0x00000000ec300000,0x00000000ec300000)
  from space 4096K, 99% used [0x00000000ec300000,0x00000000ec6fdc98,0x00000000ec700000)
  to   space 4096K, 0% used [0x00000000edf00000,0x00000000edf00000,0x00000000ee300000)
 ParOldGen       total 65536K, used 1384K [0x00000000c0000000, 0x00000000c4000000, 0x00000000eab00000)
  object space 65536K, 2% used [0x00000000c0000000,0x00000000c015a2b0,0x00000000c4000000)
 Metaspace       used 6074K, capacity 7024K, committed 7296K, reserved 1056768K
  class space    used 578K, capacity 616K, committed 640K, reserved 1048576K
Event: 2.627 GC heap after
Heap after GC invocations=2 (full 0):
 PSYoungGen      total 53248K, used 4071K [0x00000000eab00000, 0x00000000ee300000, 0x0000000100000000)
  eden space 49152K, 0% used [0x00000000eab00000,0x00000000eab00000,0x00000000edb00000)
  from space 4096K, 99% used [0x00000000edf00000,0x00000000ee2f9c98,0x00000000ee300000)
  to   space 4096K, 0% used [0x00000000edb00000,0x00000000edb00000,0x00000000edf00000)
 ParOldGen       total 65536K, used 4770K [0x00000000c0000000, 0x00000000c4000000, 0x00000000eab00000)
  object space 65536K, 7% used [0x00000000c0000000,0x00000000c04a8a70,0x00000000c4000000)
 Metaspace       used 6074K, capacity 7024K, committed 7296K, reserved 1056768K
  class space    used 578K, capacity 616K, committed 640K, reserved 1048576K
}
Event: 4.077 GC heap before
{Heap before GC invocations=3 (full 0):
 PSYoungGen      total 53248K, used 53223K [0x00000000eab00000, 0x00000000ee300000, 0x0000000100000000)
  eden space 49152K, 100% used [0x00000000eab00000,0x00000000edb00000,0x00000000edb00000)
  from space 4096K, 99% used [0x00000000edf00000,0x00000000ee2f9c98,0x00000000ee300000)
  to   space 4096K, 0% used [0x00000000edb00000,0x00000000edb00000,0x00000000edf00000)
 ParOldGen       total 65536K, used 4770K [0x00000000c0000000, 0x00000000c4000000, 0x00000000eab00000)
  object space 65536K, 7% used [0x00000000c0000000,0x00000000c04a8a70,0x00000000c4000000)
 Metaspace       used 6224K, capacity 7152K, committed 7296K, reserved 1056768K
  class space    used 581K, capacity 616K, committed 640K, reserved 1048576K
Event: 4.104 GC heap after
Heap after GC invocations=3 (full 0):
 PSYoungGen      total 53248K, used 4081K [0x00000000eab00000, 0x00000000f1300000, 0x0000000100000000)
  eden space 49152K, 0% used [0x00000000eab00000,0x00000000eab00000,0x00000000edb00000)
  from space 4096K, 99% used [0x00000000edb00000,0x00000000edefc518,0x00000000edf00000)
  to   space 4096K, 0% used [0x00000000f0f00000,0x00000000f0f00000,0x00000000f1300000)
 ParOldGen       total 65536K, used 12529K [0x00000000c0000000, 0x00000000c4000000, 0x00000000eab00000)
  object space 65536K, 19% used [0x00000000c0000000,0x00000000c0c3c5f8,0x00000000c4000000)
 Metaspace       used 6224K, capacity 7152K, committed 7296K, reserved 1056768K
  class space    used 581K, capacity 616K, committed 640K, reserved 1048576K
}

Deoptimization events (10 events):
Event: 1.491 Thread 0x0000000002bbd800 Uncommon trap: reason=null_check action=make_not_entrant pc=0x0000000003163084 method=com.android.dx.ssa.SsaRenamer.getLocalForNewReg(I)Lcom/android/dx/rop/code/LocalItem; @ 19
Event: 1.568 Thread 0x0000000017047800 Uncommon trap: reason=unstable_if action=reinterpret pc=0x000000000315f95c method=com.android.dx.rop.cst.Constant.compareTo(Lcom/android/dx/rop/cst/Constant;)I @ 12
Event: 1.980 Thread 0x0000000017047800 Uncommon trap: reason=bimorphic action=maybe_recompile pc=0x00000000030bb638 method=java.util.HashMap.getNode(ILjava/lang/Object;)Ljava/util/HashMap$Node; @ 126
Event: 1.980 Thread 0x0000000017047800 Uncommon trap: reason=bimorphic action=maybe_recompile pc=0x00000000030bb638 method=java.util.HashMap.getNode(ILjava/lang/Object;)Ljava/util/HashMap$Node; @ 126
Event: 1.980 Thread 0x0000000017047800 Uncommon trap: reason=bimorphic action=maybe_recompile pc=0x00000000030bb638 method=java.util.HashMap.getNode(ILjava/lang/Object;)Ljava/util/HashMap$Node; @ 126
Event: 1.980 Thread 0x0000000017047800 Uncommon trap: reason=bimorphic action=maybe_recompile pc=0x00000000030bb638 method=java.util.HashMap.getNode(ILjava/lang/Object;)Ljava/util/HashMap$Node; @ 126
Event: 3.603 Thread 0x000000001704c800 Uncommon trap: reason=unstable_if action=reinterpret pc=0x00000000031fea3c method=com.android.dx.util.IntList.binarysearch(I)I @ 105
Event: 3.605 Thread 0x000000001704c800 Uncommon trap: reason=unstable_if action=reinterpret pc=0x000000000348b3fc method=com.android.dx.ssa.SsaMethod.blockIndexToRopLabel(I)I @ 1
Event: 3.666 Thread 0x0000000017047000 Uncommon trap: reason=unstable_if action=reinterpret pc=0x0000000003419ae0 method=com.android.dx.rop.code.RegisterSpec.equals(ILcom/android/dx/rop/type/TypeBearer;Lcom/android/dx/rop/code/LocalItem;)Z @ 42
Event: 3.696 Thread 0x0000000017047800 Uncommon trap: reason=unstable_if action=reinterpret pc=0x00000000034a235c method=com.android.dx.dex.code.RopTranslator.outputBlock(Lcom/android/dx/rop/code/BasicBlock;I)V @ 132

Internal exceptions (4 events):
Event: 0.444 Thread 0x0000000002bbd800 Exception <a 'java/lang/NoSuchMethodError': Method sun.misc.Unsafe.defineClass(Ljava/lang/String;[BII)Ljava/lang/Class; name or signature does not match> (0x00000000eab07cc0) thrown at [C:\src\android\AOSP-openjdk\external\jetbrains\jdk\hotspot\src\share\vq°‚‰h‹?
Event: 0.444 Thread 0x0000000002bbd800 Exception <a 'java/lang/NoSuchMethodError': Method sun.misc.Unsafe.prefetchRead(Ljava/lang/Object;J)V name or signature does not match> (0x00000000eab07fa8) thrown at [C:\src\android\AOSP-openjdk\external\jetbrains\jdk\hotspot\src\share\vm\prims\jni.cpp, l»⁄‹ùü÷˜?
Event: 1.490 Thread 0x0000000002bbd800 Implicit null exception at 0x0000000003169e06 to 0x000000000316b525
Event: 1.491 Thread 0x0000000002bbd800 Implicit null exception at 0x0000000003161bc3 to 0x0000000003163051

Events (10 events):
Event: 3.696 Thread 0x0000000017047800 DEOPT UNPACKING pc=0x0000000002e2556a sp=0x00000000177eeb00 mode 2
Event: 4.076 Executing VM operation: ParallelGCFailedAllocation
Event: 4.104 Executing VM operation: ParallelGCFailedAllocation done
Event: 4.134 Thread 0x0000000017047000 Thread exited: 0x0000000017047000
Event: 4.135 Thread 0x0000000017042000 Thread exited: 0x0000000017042000
Event: 4.136 Thread 0x000000001704c800 Thread exited: 0x000000001704c800
Event: 4.177 Thread 0x0000000017047800 Thread exited: 0x0000000017047800
Event: 4.177 Thread 0x0000000017043000 Thread exited: 0x0000000017043000
Event: 4.177 loading class com/android/dx/command/dexer/Main$DexWriter
Event: 4.177 loading class com/android/dx/command/dexer/Main$DexWriter done


Dynamic libraries:
0x00007ff7fd840000 - 0x00007ff7fd871000 	C:\Program Files\Android\Android Studio1\jre\bin\java.exe
0x00007ffc48e70000 - 0x00007ffc49041000 	C:\WINDOWS\SYSTEM32\ntdll.dll
0x00007ffc48c80000 - 0x00007ffc48d2b000 	C:\WINDOWS\System32\KERNEL32.DLL
0x00007ffc45560000 - 0x00007ffc4577d000 	C:\WINDOWS\System32\KERNELBASE.dll
0x00007ffc46a70000 - 0x00007ffc46b12000 	C:\WINDOWS\System32\ADVAPI32.dll
0x00007ffc469d0000 - 0x00007ffc46a6e000 	C:\WINDOWS\System32\msvcrt.dll
0x00007ffc46f60000 - 0x00007ffc46fb9000 	C:\WINDOWS\System32\sechost.dll
0x00007ffc48d40000 - 0x00007ffc48e61000 	C:\WINDOWS\System32\RPCRT4.dll
0x00007ffc48750000 - 0x00007ffc488b5000 	C:\WINDOWS\System32\USER32.dll
0x00007ffc45540000 - 0x00007ffc4555e000 	C:\WINDOWS\System32\win32u.dll
0x00007ffc47120000 - 0x00007ffc47154000 	C:\WINDOWS\System32\GDI32.dll
0x00007ffc46150000 - 0x00007ffc462d2000 	C:\WINDOWS\System32\gdi32full.dll
0x00007ffc3d3e0000 - 0x00007ffc3d659000 	C:\WINDOWS\WinSxS\amd64_microsoft.windows.common-controls_6595b64144ccf1df_6.0.14393.447_none_42191651c6827bb3\COMCTL32.dll
0x00007ffc46470000 - 0x00007ffc46738000 	C:\WINDOWS\System32\combase.dll
0x00007ffc453a0000 - 0x00007ffc45495000 	C:\WINDOWS\System32\ucrtbase.dll
0x00007ffc45780000 - 0x00007ffc457ea000 	C:\WINDOWS\System32\bcryptPrimitives.dll
0x00007ffc463e0000 - 0x00007ffc4640e000 	C:\WINDOWS\System32\IMM32.DLL
0x0000000075730000 - 0x0000000075802000 	C:\Program Files\Android\Android Studio1\jre\jre\bin\msvcr100.dll
0x0000000075810000 - 0x0000000076044000 	C:\Program Files\Android\Android Studio1\jre\jre\bin\server\jvm.dll
0x00007ffc46b20000 - 0x00007ffc46b28000 	C:\WINDOWS\System32\PSAPI.DLL
0x00007ffc35530000 - 0x00007ffc35539000 	C:\WINDOWS\SYSTEM32\WSOCK32.dll
0x00007ffc48a60000 - 0x00007ffc48aca000 	C:\WINDOWS\System32\WS2_32.dll
0x00007ffc43740000 - 0x00007ffc43763000 	C:\WINDOWS\SYSTEM32\WINMM.dll
0x00007ffc3dd50000 - 0x00007ffc3dd5a000 	C:\WINDOWS\SYSTEM32\VERSION.dll
0x00007ffc43710000 - 0x00007ffc4373b000 	C:\WINDOWS\SYSTEM32\WINMMBASE.dll
0x00007ffc46390000 - 0x00007ffc463d2000 	C:\WINDOWS\System32\cfgmgr32.dll
0x00007ffc427e0000 - 0x00007ffc427ef000 	C:\Program Files\Android\Android Studio1\jre\jre\bin\verify.dll
0x00007ffc40760000 - 0x00007ffc40789000 	C:\Program Files\Android\Android Studio1\jre\jre\bin\java.dll
0x00007ffc427c0000 - 0x00007ffc427d6000 	C:\Program Files\Android\Android Studio1\jre\jre\bin\zip.dll
0x00007ffc47220000 - 0x00007ffc48729000 	C:\WINDOWS\System32\SHELL32.dll
0x00007ffc458a0000 - 0x00007ffc45f7a000 	C:\WINDOWS\System32\windows.storage.dll
0x00007ffc452b0000 - 0x00007ffc452fc000 	C:\WINDOWS\System32\powrprof.dll
0x00007ffc48ad0000 - 0x00007ffc48b22000 	C:\WINDOWS\System32\shlwapi.dll
0x00007ffc45310000 - 0x00007ffc4531f000 	C:\WINDOWS\System32\kernel.appcore.dll
0x00007ffc462e0000 - 0x00007ffc46389000 	C:\WINDOWS\System32\shcore.dll
0x00007ffc45320000 - 0x00007ffc45334000 	C:\WINDOWS\System32\profapi.dll

VM Arguments:
jvm_args: -Djava.awt.headless=true -Xmx1024M -Dfile.encoding=windows-1252 -Duser.country=US -Duser.language=en -Duser.variant 
java_command: com.android.dx.command.Main --dex --force-jumbo --num-threads=4 --multi-dex --output C:\Users\Mac\Documents\GitHub\ftc_app-3113-beta\TeamCode\build\intermediates\transforms\dex\debug\folders\1000\10\intermediates-exploded-aar-FtcCommon-release_94acabec7da9cc4256bd3cb21e351102b2af81da C:\Users\Mac\Documents\GitHub\ftc_app-3113-beta\TeamCode\build\intermediates\exploded-aar\FtcCommon-release\jars\classes.jar
java_class_path (initial): C:\Users\Mac\AppData\Local\Android\sdk1\build-tools\23.0.3\lib\dx.jar
Launcher Type: SUN_STANDARD

Environment Variables:
PATH=C:\ProgramData\Oracle\Java\javapath;C:\Program Files\Common Files\Microsoft Shared\Windows Live;C:\Program Files (x86)\Common Files\Microsoft Shared\Windows Live;C:\Program Files (x86)\NVIDIA Corporation\PhysX\Common;C:\Program Files (x86)\Intel\iCLS Client\;C:\Program Files\Intel\iCLS Client\;C:\WINDOWS\system32;C:\WINDOWS;C:\WINDOWS\System32\Wbem;C:\WINDOWS\System32\WindowsPowerShell\v1.0\;C:\Program Files\Intel\Intel(R) Management Engine Components\DAL;C:\Program Files\Intel\Intel(R) Management Engine Components\IPT;C:\Program Files (x86)\Intel\Intel(R) Management Engine Components\DAL;C:\Program Files (x86)\Intel\Intel(R) Management Engine Components\IPT;C:\Program Files\Intel\WiFi\bin\;C:\Program Files\Common Files\Intel\WirelessCommon\;C:\Program Files\WIDCOMM\Bluetooth Software\;C:\Program Files\WIDCOMM\Bluetooth Software\syswow64;C:\Program Files (x86)\Windows Live\Shared;C:\Go\bin;C:\Users\Mac\.dnx\bin;C:\Program Files\Microsoft DNX\Dnvm\;C:\Ruby22-x64\bin;C:\Program Files\Java\jdk1.8.0_66\bin;C:\Use;C:\Users\Mac\AppData\Local\GitHub\PortableGit_c7e0cbde92ba565cb218a521411d0e854079a28c\cmd;C:\WINDOWS\system32;C:\WINDOWS;C:\WINDOWS\System32\Wbem;C:\WINDOWS\System32\WindowsPowerShell\v1.0\;C:\Ruby22-x64\bin;C:\Program Files\Java\jdk1.8.0_66\bin;C:\Users\Mac\AppData\Local\atom\bin;C:\Users\Mac\AppData\Local\Microsoft\WindowsApps;
USERNAME=Mac
OS=Windows_NT
PROCESSOR_IDENTIFIER=Intel64 Family 6 Model 58 Stepping 9, GenuineIntel



---------------  S Y S T E M  ---------------

OS: Windows 10.0 , 64 bit Build 14393 (10.0.14393.0)

CPU:total 4 (2 cores per cpu, 2 threads per core) family 6 model 58 stepping 9, cmov, cx8, fxsr, mmx, sse, sse2, sse3, ssse3, sse4.1, sse4.2, popcnt, avx, aes, clmul, erms, ht, tsc, tscinvbit, tscinv

Memory: 4k page, physical 6191416k(1647940k free), swap 7239992k(5120k free)

vm_info: OpenJDK 64-Bit Server VM (25.76-b03) for windows-amd64 JRE (1.8.0_76-release-b03), built on Jun 29 2016 19:09:20 by "ralucas" with MS VC++ 10.0 (VS2010)

time: Sun Jan 15 16:03:46 2017
elapsed time: 4 seconds (0d 0h 0m 4s)

